[+] Containers:
 |- [+] Container: /Game/ThirdPerson/Maps/ThirdPersonMap
 |   |- [+] ActorDescs:
 |   |   |- Guid:00677E994BF7E2BB74888E90E19F53D5 BaseClass:/Game/Blueprints/MirrorBluePrints/BP_Fragment_19.BP_Fragment_19_C NativeClass:/Script/Engine.Actor Name:BP_Fragment_19_C_UAID_3C22FBC38D1AE3A101_1722265127 Label:BP_Fragment_19 SpatiallyLoaded:1 Bounds:IsValid=true, Min=(X=721.852 Y=2839.332 Z=-1736.038), Max=(X=1604.471 Y=4382.678 Z=-1710.000) RuntimeGrid:None EditorOnly:0 RuntimeOnly:0 HLODRelevant:0
 |   |   |- Guid:0CBA272348E470B064587583E79B947D BaseClass:/Game/Blueprints/MirrorBluePrints/BP_Fragment_07.BP_Fragment_07_C NativeClass:/Script/Engine.Actor Name:BP_Fragment_07_C_UAID_3C22FBC38D1AD19E01_2069643799 Label:BP_Fragment_07 SpatiallyLoaded:1 Bounds:IsValid=true, Min=(X=374.924 Y=4452.841 Z=-1826.038), Max=(X=924.111 Y=5803.918 Z=-1800.000) RuntimeGrid:None EditorOnly:0 RuntimeOnly:0 HLODRelevant:0
 |   |   |- Guid:0FC4F8F34A51A07B7EA647A79F191554 BaseClass:/Game/Blueprints/MirrorBluePrints/BP_Fragment_10.BP_Fragment_10_C NativeClass:/Script/Engine.Actor Name:BP_Fragment_10_C_UAID_3C22FBC38D1AD39E01_1424643157 Label:BP_Fragment_10 SpatiallyLoaded:1 Bounds:IsValid=true, Min=(X=-472.021 Y=-1646.058 Z=-1826.038), Max=(X=-99.011 Y=373.681 Z=-1800.000) RuntimeGrid:None EditorOnly:0 RuntimeOnly:0 HLODRelevant:0
 |   |   |- Guid:1D63659446123A1456E1718909FFE613 BaseClass:/Game/Blueprints/BP_OvalMirror.BP_OvalMirror_C NativeClass:/Script/Engine.Actor Name:BP_OvalMirror_C_UAID_3C22FBC38D1ABB9E01_2063255919 Label:BP_OvalMirror SpatiallyLoaded:1 Bounds:IsValid=true, Min=(X=2880.000 Y=1170.000 Z=-1740.000), Max=(X=2980.000 Y=3070.000 Z=5110.000) RuntimeGrid:None EditorOnly:0 RuntimeOnly:0 HLODRelevant:0
 |   |   |- Guid:20A5096740DBAEE8ECEB699310ABBA78 BaseClass:/Game/Blueprints/BP_CameraToMirror.BP_CameraToMirror_C NativeClass:/Script/Engine.CameraActor Name:BP_CameraToMirror_C_UAID_3C22FBC38D1A059901_2058829608 Label:BP_CameraToMirror SpatiallyLoaded:1 Bounds:IsValid=true, Min=(X=-5200.000 Y=650.000 Z=700.000), Max=(X=-5200.000 Y=650.000 Z=700.000) RuntimeGrid:None EditorOnly:0 RuntimeOnly:0 HLODRelevant:0
 |   |   |- Guid:2109263D41E614432F136C9FDA4459BC BaseClass:/Game/Blueprints/MirrorBluePrints/BP_Target_15.BP_Target_15_C NativeClass:/Script/Engine.Actor Name:BP_Target_15_C_UAID_3C22FBC38D1AD79E01_2053612850 Label:BP_Target_15 SpatiallyLoaded:1 Bounds:IsValid=true, Min=(X=2853.962 Y=1664.957 Z=230.922), Max=(X=2880.000 Y=2240.345 Z=1032.357) RuntimeGrid:None EditorOnly:0 RuntimeOnly:0 HLODRelevant:0
 |   |   |- Guid:21134ED54F78C2F6F550ADAE0876EBCE BaseClass:/Game/Blueprints/MirrorBluePrints/BP_Target_09.BP_Target_09_C NativeClass:/Script/Engine.Actor Name:BP_Target_09_C_UAID_3C22FBC38D1AD39E01_1074349156 Label:BP_Target_09 SpatiallyLoaded:1 Bounds:IsValid=true, Min=(X=2853.962 Y=2058.071 Z=-1534.792), Max=(X=2880.000 Y=2320.692 Z=501.485) RuntimeGrid:None EditorOnly:0 RuntimeOnly:0 HLODRelevant:0
 |   |   |- Guid:2407EB7E421B7460E52EF785A82960B6 BaseClass: NativeClass:/Script/Engine.StaticMeshActor Name:StaticMeshActor_UAID_3C22FBC38D1AD49C01_1692956216 Label:ovalmirror_Cylinder_001 SpatiallyLoaded:1 Bounds:IsValid=true, Min=(X=-2450.000 Y=3760.000 Z=-690.000), Max=(X=-2450.000 Y=3760.000 Z=-690.000) RuntimeGrid:None EditorOnly:0 RuntimeOnly:0 HLODRelevant:0
 |   |   |- Guid:26E54B3D411774BB80879F82A0D067A0 BaseClass:/Game/Blueprints/MirrorBluePrints/BP_Target_01.BP_Target_01_C NativeClass:/Script/Engine.Actor Name:BP_Target_01_C_UAID_3C22FBC38D1AF49D01_1450913899 Label:BP_Target_01 SpatiallyLoaded:1 Bounds:IsValid=true, Min=(X=2853.962 Y=1423.130 Z=2042.228), Max=(X=2880.000 Y=1846.376 Z=4523.218) RuntimeGrid:None EditorOnly:0 RuntimeOnly:0 HLODRelevant:0
 |   |   |- Guid:2AD5A1964E65470CC2CF678CBBE65783 BaseClass: NativeClass:/Script/Engine.PointLight Name:PointLight_UAID_3C22FBC38D1ACF9D01_1432934393 Label:PointLight SpatiallyLoaded:1 Bounds:IsValid=true, Min=(X=-105690.000 Y=-97480.000 Z=-94780.000), Max=(X=94310.000 Y=102520.000 Z=105220.000) RuntimeGrid:None EditorOnly:0 RuntimeOnly:0 HLODRelevant:0
 |   |   |- Guid:2D9B03C447B42CF2A33E6C9AC63E492B BaseClass:/Game/Blueprints/MirrorBluePrints/BP_Fragment_03.BP_Fragment_03_C NativeClass:/Script/Engine.Actor Name:BP_Fragment_03_C_UAID_3C22FBC38D1ACD9E01_1660479087 Label:BP_Fragment_03 SpatiallyLoaded:1 Bounds:IsValid=true, Min=(X=1986.697 Y=3589.973 Z=-1826.038), Max=(X=2459.154 Y=7866.708 Z=-1800.000) RuntimeGrid:None EditorOnly:0 RuntimeOnly:0 HLODRelevant:0
 |   |   |- Guid:34C4C7AC4FB8C5ECE32D95B7A4C77A6A BaseClass:/Game/Blueprints/MirrorBluePrints/BP_Target_06.BP_Target_06_C NativeClass:/Script/Engine.Actor Name:BP_Target_06_C_UAID_3C22FBC38D1AD09E01_1314465622 Label:BP_Target_06 SpatiallyLoaded:1 Bounds:IsValid=true, Min=(X=2853.962 Y=2298.569 Z=177.405), Max=(X=2880.000 Y=2921.947 Z=1406.790) RuntimeGrid:None EditorOnly:0 RuntimeOnly:0 HLODRelevant:0
 |   |   |- Guid:3A238A324C8B17430DE8C9BAF7639A87 BaseClass:/Game/Blueprints/MirrorBluePrints/BP_Fragment_05.BP_Fragment_05_C NativeClass:/Script/Engine.Actor Name:BP_Fragment_05_C_UAID_3C22FBC38D1ACF9E01_1654567443 Label:BP_Fragment_05 SpatiallyLoaded:1 Bounds:IsValid=true, Min=(X=-51.100 Y=-1573.801 Z=-1826.038), Max=(X=575.682 Y=1350.459 Z=-1800.000) RuntimeGrid:None EditorOnly:0 RuntimeOnly:0 HLODRelevant:0
 |   |   |- Guid:3F852E37451DB84C86E0A2A54AC5111E BaseClass:/Game/Blueprints/MirrorBluePrints/BP_Fragment_14.BP_Fragment_14_C NativeClass:/Script/Engine.Actor Name:BP_Fragment_14_C_UAID_3C22FBC38D1AD79E01_1468377847 Label:BP_Fragment_14 SpatiallyLoaded:1 Bounds:IsValid=true, Min=(X=1336.581 Y=1747.284 Z=-1826.038), Max=(X=2039.110 Y=2815.694 Z=-1800.000) RuntimeGrid:None EditorOnly:0 RuntimeOnly:0 HLODRelevant:0
 |   |   |- Guid:45EA3F7848470B979740629BC2B2B76A BaseClass:/Game/Blueprints/MirrorBluePrints/BP_Target_03.BP_Target_03_C NativeClass:/Script/Engine.Actor Name:BP_Target_03_C_UAID_3C22FBC38D1ACD9E01_1798700088 Label:BP_Target_03 SpatiallyLoaded:1 Bounds:IsValid=true, Min=(X=2853.962 Y=1791.697 Z=509.973), Max=(X=2880.000 Y=2264.154 Z=4786.708) RuntimeGrid:None EditorOnly:0 RuntimeOnly:0 HLODRelevant:0
 |   |   |- Guid:47AC7B654E2B5F9825A4F0BB57A1459B BaseClass:/Game/Blueprints/MirrorBluePrints/BP_Target_13.BP_Target_13_C NativeClass:/Script/Engine.Actor Name:BP_Target_13_C_UAID_3C22FBC38D1AD49E01_1812691340 Label:BP_Target_13 SpatiallyLoaded:1 Bounds:IsValid=true, Min=(X=2853.962 Y=1557.921 Z=-996.314), Max=(X=2880.000 Y=2243.721 Z=486.050) RuntimeGrid:None EditorOnly:0 RuntimeOnly:0 HLODRelevant:0
 |   |   |- Guid:4D3BE93F4146AAAC8BBE79999D96D57F BaseClass: NativeClass:/Script/Engine.VolumetricCloud Name:VolumetricCloud_0 Label:VolumetricCloud SpatiallyLoaded:0 Bounds:IsValid=true, Min=(X=3000.000 Y=-5000.000 Z=5000.000), Max=(X=3000.000 Y=-5000.000 Z=5000.000) RuntimeGrid:None EditorOnly:0 RuntimeOnly:0 HLODRelevant:0 FolderPath:Lighting FolderGuid:963EC3EB4002CCE9759E2EBA541A873A
 |   |   |- Guid:5053CB254DC5036D4E5425A4F8117441 BaseClass: NativeClass:/Script/Engine.StaticMeshActor Name:StaticMeshActor_UAID_3C22FBC38D1A299E01_1666220224 Label:Cube2 SpatiallyLoaded:1 Bounds:IsValid=true, Min=(X=-5000.000 Y=-4230.000 Z=-1850.000), Max=(X=2900.000 Y=-4130.000 Z=7150.000) RuntimeGrid:None EditorOnly:0 RuntimeOnly:0 HLODRelevant:1
 |   |   |- Guid:567ECE1D4C0C909D9A61E4ADD182EF8F BaseClass:/Game/Blueprints/MirrorBluePrints/BP_Target_12.BP_Target_12_C NativeClass:/Script/Engine.Actor Name:BP_Target_12_C_UAID_3C22FBC38D1AD49E01_1421194338 Label:BP_Target_12 SpatiallyLoaded:1 Bounds:IsValid=true, Min=(X=2853.962 Y=1652.505 Z=-1189.123), Max=(X=2880.000 Y=2253.015 Z=481.502) RuntimeGrid:None EditorOnly:0 RuntimeOnly:0 HLODRelevant:0
 |   |   |- Guid:569CF51B4A43E6D59A431698F10925B9 BaseClass:/Game/Blueprints/MirrorBluePrints/BP_Fragment_18.BP_Fragment_18_C NativeClass:/Script/Engine.Actor Name:BP_Fragment_18_C_UAID_3C22FBC38D1AD89E01_1892635031 Label:BP_Fragment_18 SpatiallyLoaded:1 Bounds:IsValid=true, Min=(X=822.261 Y=2288.917 Z=-1826.038), Max=(X=1220.914 Y=3266.364 Z=-1800.000) RuntimeGrid:None EditorOnly:0 RuntimeOnly:0 HLODRelevant:0
 |   |   |- Guid:596FAD634E20B387D95F4EA74A64A3C9 BaseClass:/Game/Blueprints/MirrorBluePrints/BP_Fragment_08.BP_Fragment_08_C NativeClass:/Script/Engine.Actor Name:BP_Fragment_08_C_UAID_3C22FBC38D1AD29E01_1548354977 Label:BP_Fragment_08 SpatiallyLoaded:1 Bounds:IsValid=true, Min=(X=-486.865 Y=-3754.249 Z=-1826.038), Max=(X=-176.085 Y=-1761.068 Z=-1800.000) RuntimeGrid:None EditorOnly:0 RuntimeOnly:0 HLODRelevant:0
 |   |   |- Guid:59D0C2074889DB767B9C3DBDA2F991FC BaseClass:/Game/Blueprints/BP_MirrorGame.BP_MirrorGame_C NativeClass:/Script/Engine.StaticMeshActor Name:BP_Mirror_C_UAID_3C22FBC38D1A069901_1944792789 Label:BP_MirrorGame SpatiallyLoaded:1 Bounds:IsValid=true, Min=(X=2890.000 Y=-4200.000 Z=-1855.000), Max=(X=2990.000 Y=10800.000 Z=7145.000) RuntimeGrid:None EditorOnly:0 RuntimeOnly:0 HLODRelevant:1
 |   |   |- Guid:6031815A4942863DE1A6A6BA99B1E6D2 BaseClass:/Game/Blueprints/MirrorBluePrints/BP_Fragment_00.BP_Fragment_00_C NativeClass:/Script/Engine.Actor Name:BP_Frgments_00_C_UAID_3C22FBC38D1ABC9D01_1077432041 Label:BP_Frgments_00 SpatiallyLoaded:1 Bounds:IsValid=true, Min=(X=-322.139 Y=3122.995 Z=-1826.038), Max=(X=88.023 Y=4826.289 Z=-1800.000) RuntimeGrid:None EditorOnly:0 RuntimeOnly:0 HLODRelevant:0
 |   |   |- Guid:6477858D44A4044EC135BFAA715A53A1 BaseClass:/Game/Blueprints/MirrorBluePrints/BP_Target_18.BP_Target_18_C NativeClass:/Script/Engine.Actor Name:BP_Target_18_C_UAID_3C22FBC38D1AD89E01_2016492032 Label:BP_Target_18 SpatiallyLoaded:1 Bounds:IsValid=true, Min=(X=2853.962 Y=1342.261 Z=478.917), Max=(X=2880.000 Y=1740.914 Z=1456.364) RuntimeGrid:None EditorOnly:0 RuntimeOnly:0 HLODRelevant:0
 |   |   |- Guid:6585B2CB477A94D2CB8EEF96F642CF63 BaseClass:/Game/Blueprints/MirrorBluePrints/BP_Target_17.BP_Target_17_C NativeClass:/Script/Engine.Actor Name:BP_Target_17_C_UAID_3C22FBC38D1AD89E01_1568134030 Label:BP_Target_17 SpatiallyLoaded:1 Bounds:IsValid=true, Min=(X=2853.962 Y=1370.973 Z=134.160), Max=(X=2880.000 Y=1791.047 Z=768.121) RuntimeGrid:None EditorOnly:0 RuntimeOnly:0 HLODRelevant:0
 |   |   |- Guid:69DABE6649BA161575DE368BE8EC332B BaseClass:/Game/Blueprints/MirrorBluePrints/BP_Target_07.BP_Target_07_C NativeClass:/Script/Engine.Actor Name:BP_Target_07_C_UAID_3C22FBC38D1AD29E01_1176769976 Label:BP_Target_07 SpatiallyLoaded:1 Bounds:IsValid=true, Min=(X=2853.962 Y=2289.924 Z=-852.159), Max=(X=2880.000 Y=2839.111 Z=498.918) RuntimeGrid:None EditorOnly:0 RuntimeOnly:0 HLODRelevant:0
 |   |   |- Guid:6BAF4DDD444C60371492D3919DB42C97 BaseClass: NativeClass:/Script/Engine.WorldDataLayers Name:WorldDataLayers Label:WorldDataLayers SpatiallyLoaded:0 Bounds:IsValid=true, Min=(X=0.000 Y=0.000 Z=0.000), Max=(X=0.000 Y=0.000 Z=0.000) RuntimeGrid:None EditorOnly:0 RuntimeOnly:0 HLODRelevant:0
 |   |   |- Guid:772E96D2429B705B600F18BD39436665 BaseClass:/Game/Blueprints/MirrorBluePrints/BP_Fragment_02.BP_Fragment_02_C NativeClass:/Script/Engine.Actor Name:BP_Fragment_02_C_UAID_3C22FBC38D1A219E01_2005816815 Label:BP_Fragment_02 SpatiallyLoaded:1 Bounds:IsValid=true, Min=(X=1635.169 Y=4106.938 Z=-1826.038), Max=(X=2102.621 Y=7064.807 Z=-1800.000) RuntimeGrid:None EditorOnly:0 RuntimeOnly:0 HLODRelevant:0
 |   |   |- Guid:7A02AC4844506B1AB857CC9F1E5B560D BaseClass:/Game/Blueprints/MirrorBluePrints/BP_Target_11.BP_Target_11_C NativeClass:/Script/Engine.Actor Name:BP_Target_11_C_UAID_3C22FBC38D1AD39E01_2108235160 Label:BP_Target_11 SpatiallyLoaded:1 Bounds:IsValid=true, Min=(X=2853.962 Y=1751.053 Z=-1346.284), Max=(X=2880.000 Y=2262.658 Z=482.499) RuntimeGrid:None EditorOnly:0 RuntimeOnly:0 HLODRelevant:0
 |   |   |- Guid:7BDE8CF441CC9DAAF8F421A65B826888 BaseClass:/Game/Blueprints/MirrorBluePrints/BP_Target_14.BP_Target_14_C NativeClass:/Script/Engine.Actor Name:BP_Target_14_C_UAID_3C22FBC38D1AD79E01_1695123848 Label:BP_Target_14 SpatiallyLoaded:1 Bounds:IsValid=true, Min=(X=2853.962 Y=1536.581 Z=-574.716), Max=(X=2880.000 Y=2239.110 Z=493.694) RuntimeGrid:None EditorOnly:0 RuntimeOnly:0 HLODRelevant:0
 |   |   |- Guid:7EDB720046AA9DA00F7E098D6D3EF33D BaseClass:/Game/Blueprints/MirrorBluePrints/BP_Fragment_04.BP_Fragment_04_C NativeClass:/Script/Engine.Actor Name:BP_Fragment_04_C_UAID_3C22FBC38D1ACE9E01_1738946265 Label:BP_Fragment_04 SpatiallyLoaded:1 Bounds:IsValid=true, Min=(X=2015.884 Y=-1960.332 Z=-1826.038), Max=(X=2503.227 Y=2316.403 Z=-1800.000) RuntimeGrid:None EditorOnly:0 RuntimeOnly:0 HLODRelevant:0
 |   |   |- Guid:7EF9668D48F3C3D7D6BF068365D119F6 BaseClass:/Game/Blueprints/MirrorBluePrints/BP_Fragment_12.BP_Fragment_12_C NativeClass:/Script/Engine.Actor Name:BP_Fragment_12_C_UAID_3C22FBC38D1AD49E01_1213206337 Label:BP_Fragment_12 SpatiallyLoaded:1 Bounds:IsValid=true, Min=(X=-107.495 Y=-2829.123 Z=-1826.038), Max=(X=493.015 Y=-1158.498 Z=-1800.000) RuntimeGrid:None EditorOnly:0 RuntimeOnly:0 HLODRelevant:0
 |   |   |- Guid:82A9D5DF42F4B6302C662289A98113CC BaseClass:/Game/Blueprints/MirrorBluePrints/BP_Fragment_11.BP_Fragment_11_C NativeClass:/Script/Engine.Actor Name:BP_Fragment_11_C_UAID_3C22FBC38D1AD39E01_1955051159 Label:BP_Fragment_11 SpatiallyLoaded:1 Bounds:IsValid=true, Min=(X=-23.947 Y=393.716 Z=-1826.038), Max=(X=487.658 Y=2222.499 Z=-1800.000) RuntimeGrid:None EditorOnly:0 RuntimeOnly:0 HLODRelevant:0
 |   |   |- Guid:89CB89EC43F27EB3B7F07ABDF7455F75 BaseClass:/Game/Blueprints/MirrorBluePrints/BP_Target_02.BP_Target_02_C NativeClass:/Script/Engine.Actor Name:BP_Target_02_C_UAID_3C22FBC38D1A229E01_2014660992 Label:BP_Target_02 SpatiallyLoaded:1 Bounds:IsValid=true, Min=(X=2853.962 Y=1785.169 Z=2056.938), Max=(X=2880.000 Y=2252.621 Z=5014.807) RuntimeGrid:None EditorOnly:0 RuntimeOnly:0 HLODRelevant:0
 |   |   |- Guid:8BF65EAE4FB14149F226E7B83BF30F02 BaseClass: NativeClass:/Script/Engine.StaticMeshActor Name:StaticMeshActor_UAID_3C22FBC38D1AD49C01_1627667214 Label:ovalmirror_Cylinder_002 SpatiallyLoaded:1 Bounds:IsValid=true, Min=(X=-2360.000 Y=3890.000 Z=-660.000), Max=(X=-2360.000 Y=3890.000 Z=-660.000) RuntimeGrid:None EditorOnly:0 RuntimeOnly:0 HLODRelevant:0
 |   |   |- Guid:8EE3439848A27333163CCA8F50DBD46D BaseClass:/Game/Blueprints/MirrorBluePrints/BP_Target_19.BP_Target_19_C NativeClass:/Script/Engine.Actor Name:BP_Target_19_C_UAID_3C22FBC38D1AE3A101_1744520128 Label:BP_Target_19 SpatiallyLoaded:1 Bounds:IsValid=true, Min=(X=2853.962 Y=1361.852 Z=509.332), Max=(X=2880.000 Y=2244.471 Z=2052.678) RuntimeGrid:None EditorOnly:0 RuntimeOnly:0 HLODRelevant:0
 |   |   |- Guid:8FCAB66B4B217582D16E43AFAB85B452 BaseClass:/Game/Blueprints/MirrorBluePrints/BP_Fragment_09.BP_Fragment_09_C NativeClass:/Script/Engine.Actor Name:BP_Fragment_09_C_UAID_3C22FBC38D1AD29E01_1971595979 Label:BP_Fragment_09 SpatiallyLoaded:1 Bounds:IsValid=true, Min=(X=648.071 Y=-2694.792 Z=-1826.038), Max=(X=910.692 Y=-658.515 Z=-1800.000) RuntimeGrid:None EditorOnly:0 RuntimeOnly:0 HLODRelevant:0
 |   |   |- Guid:90E63F034BD75F9C5E1EB7A2AF950DD4 BaseClass: NativeClass:/Script/Engine.DirectionalLight Name:DirectionalLight_UAID_3C22FBC38D1ACF9C01_1115993330 Label:DirectionalLight SpatiallyLoaded:0 Bounds:IsValid=true, Min=(X=-4398046511104.000 Y=-4398046511104.000 Z=-4398046511104.000), Max=(X=4398046511104.000 Y=4398046511104.000 Z=4398046511104.000) RuntimeGrid:None EditorOnly:0 RuntimeOnly:0 HLODRelevant:0
 |   |   |- Guid:91F0BA7646402E478F4EB0A3135A1610 BaseClass:/Game/Blueprints/MirrorBluePrints/BP_Fragment_15.BP_Fragment_15_C NativeClass:/Script/Engine.Actor Name:BP_Fragment_15_C_UAID_3C22FBC38D1AD79E01_1904838849 Label:BP_Fragment_15 SpatiallyLoaded:1 Bounds:IsValid=true, Min=(X=389.957 Y=3305.922 Z=-1826.038), Max=(X=965.345 Y=4107.357 Z=-1800.000) RuntimeGrid:None EditorOnly:0 RuntimeOnly:0 HLODRelevant:0
 |   |   |- Guid:9EF7010240B673982BA6DF985EDBAB5F BaseClass:/Game/Blueprints/MirrorBluePrints/BP_Target_05.BP_Target_05_C NativeClass:/Script/Engine.Actor Name:BP_Target_05_C_UAID_3C22FBC38D1ACF9E01_1691784444 Label:BP_Target_05 SpatiallyLoaded:1 Bounds:IsValid=true, Min=(X=2853.962 Y=2285.900 Z=496.199), Max=(X=2880.000 Y=2912.682 Z=3420.459) RuntimeGrid:None EditorOnly:0 RuntimeOnly:0 HLODRelevant:0
 |   |   |- Guid:9F4496A44A33F8583265808430238469 BaseClass:/Game/Blueprints/MirrorBluePrints/BP_FragmentLight.BP_FragmentLight_C NativeClass:/Script/Engine.Actor Name:BP_FragmentLight_C_UAID_3C22FBC38D1A8E9E01_1854529000 Label:BP_FragmentLight SpatiallyLoaded:1 Bounds:IsValid=true, Min=(X=584.918 Y=2714.918 Z=-2930.164), Max=(X=1975.082 Y=4105.082 Z=-1540.000) RuntimeGrid:None EditorOnly:0 RuntimeOnly:0 HLODRelevant:0
 |   |   |- Guid:A473278944923FEACD58A19EF9D0F7D9 BaseClass:/Game/Blueprints/MirrorBluePrints/BP_Target_16.BP_Target_16_C NativeClass:/Script/Engine.Actor Name:BP_Target_16_C_UAID_3C22FBC38D1AD89E01_1270226028 Label:BP_Target_16 SpatiallyLoaded:1 Bounds:IsValid=true, Min=(X=2853.962 Y=1368.706 Z=-463.747), Max=(X=2880.000 Y=1788.779 Z=577.451) RuntimeGrid:None EditorOnly:0 RuntimeOnly:0 HLODRelevant:0
 |   |   |- Guid:ACDF592346402CBE7E78D8BB8A426910 BaseClass: NativeClass:/Script/Engine.StaticMeshActor Name:StaticMeshActor_UAID_3C22FBC38D1AD49C01_1728928217 Label:ovalmirror_Cylinder_2 SpatiallyLoaded:1 Bounds:IsValid=true, Min=(X=2884.936 Y=1083.740 Z=-1816.137), Max=(X=2895.064 Y=3156.261 Z=5214.137) RuntimeGrid:None EditorOnly:0 RuntimeOnly:0 HLODRelevant:1
 |   |   |- Guid:B39DA8144B114F435BA6A09DC2F2E539 BaseClass:/Game/Blueprints/MirrorBluePrints/BP_Fragment_01.BP_Fragment_01_C NativeClass:/Script/Engine.Actor Name:BP_Fragment_01_C_UAID_3C22FBC38D1AF39D01_1998697722 Label:BP_Fragment_01 SpatiallyLoaded:1 Bounds:IsValid=true, Min=(X=1099.130 Y=-1852.772 Z=-1826.038), Max=(X=1522.376 Y=628.218 Z=-1800.000) RuntimeGrid:None EditorOnly:0 RuntimeOnly:0 HLODRelevant:0
 |   |   |- Guid:B495CDE64618A0A77F6FBDAE52B45332 BaseClass: NativeClass:/Script/Engine.StaticMeshActor Name:StaticMeshActor_UAID_3C22FBC38D1AD49C01_1649523215 Label:ovalmirror_Cylinder SpatiallyLoaded:1 Bounds:IsValid=true, Min=(X=-2070.000 Y=3450.000 Z=-650.000), Max=(X=-2070.000 Y=3450.000 Z=-650.000) RuntimeGrid:None EditorOnly:0 RuntimeOnly:0 HLODRelevant:0
 |   |   |- Guid:B6802C2D4BA81B3FA0D8CBB582D1AC5A BaseClass:/Game/Blueprints/MirrorBluePrints/BP_Fragment_13.BP_Fragment_13_C NativeClass:/Script/Engine.Actor Name:BP_Fragment_13_C_UAID_3C22FBC38D1AD49E01_1620484339 Label:BP_Fragment_13 SpatiallyLoaded:1 Bounds:IsValid=true, Min=(X=-79.079 Y=1263.686 Z=-1826.038), Max=(X=606.721 Y=2746.050 Z=-1800.000) RuntimeGrid:None EditorOnly:0 RuntimeOnly:0 HLODRelevant:0
 |   |   |- Guid:B7DC8C71486137DDE88432AC3A1D08F4 BaseClass: NativeClass:/Script/Engine.StaticMeshActor Name:StaticMeshActor_UAID_3C22FBC38D1A299E01_1115220223 Label:Cube SpatiallyLoaded:1 Bounds:IsValid=true, Min=(X=-5020.000 Y=-4230.000 Z=-2350.000), Max=(X=2980.000 Y=10870.000 Z=-1850.000) RuntimeGrid:None EditorOnly:0 RuntimeOnly:0 HLODRelevant:1
 |   |   |- Guid:BA9F3BBA404FB71E2256939C0539ED59 BaseClass:/Game/Blueprints/MirrorBluePrints/BP_Target_04.BP_Target_04_C NativeClass:/Script/Engine.Actor Name:BP_Target_04_C_UAID_3C22FBC38D1ACE9E01_1755887266 Label:BP_Target_04 SpatiallyLoaded:1 Bounds:IsValid=true, Min=(X=2853.962 Y=2272.884 Z=499.668), Max=(X=2880.000 Y=2760.227 Z=4776.403) RuntimeGrid:None EditorOnly:0 RuntimeOnly:0 HLODRelevant:0
 |   |   |- Guid:BDAFB2704F2960E0B763A3B3E48E775C BaseClass:/Game/Blueprints/MirrorBluePrints/BP_Fragment_17.BP_Fragment_17_C NativeClass:/Script/Engine.Actor Name:BP_Fragment_17_C_UAID_3C22FBC38D1AD89E01_1415528029 Label:BP_Fragment_17 SpatiallyLoaded:1 Bounds:IsValid=true, Min=(X=-564.027 Y=1454.160 Z=-1826.038), Max=(X=-143.953 Y=2088.121 Z=-1800.000) RuntimeGrid:None EditorOnly:0 RuntimeOnly:0 HLODRelevant:0
 |   |   |- Guid:C469DFAE46279FD0BD23099687D2722E BaseClass:/Game/Blueprints/MirrorBluePrints/BP_Target_00.BP_Target_00_C NativeClass:/Script/Engine.Actor Name:BP_Target_00_C_UAID_3C22FBC38D1ABD9D01_1257795220 Label:BP_Target_00 SpatiallyLoaded:1 Bounds:IsValid=true, Min=(X=2853.962 Y=1352.861 Z=1462.995), Max=(X=2880.000 Y=1763.023 Z=3166.289) RuntimeGrid:None EditorOnly:0 RuntimeOnly:0 HLODRelevant:0
 |   |   |- Guid:CCFF262C46EEFFDF319E7F9539CE697E BaseClass: NativeClass:/Script/Engine.SkyAtmosphere Name:SkyAtmosphere_0 Label:SkyAtmosphere SpatiallyLoaded:0 Bounds:IsValid=true, Min=(X=-5000.000 Y=40.000 Z=1530.000), Max=(X=-5000.000 Y=40.000 Z=1530.000) RuntimeGrid:None EditorOnly:0 RuntimeOnly:0 HLODRelevant:0 FolderPath:Lighting FolderGuid:963EC3EB4002CCE9759E2EBA541A873A
 |   |   |- Guid:D29C09C14729D8A85E306897D57EAD91 BaseClass:/Game/Blueprints/MirrorBluePrints/BP_Target_10.BP_Target_10_C NativeClass:/Script/Engine.Actor Name:BP_Target_10_C_UAID_3C22FBC38D1AD39E01_1514999158 Label:BP_Target_10 SpatiallyLoaded:1 Bounds:IsValid=true, Min=(X=2853.962 Y=1897.979 Z=-1536.058), Max=(X=2880.000 Y=2270.989 Z=483.681) RuntimeGrid:None EditorOnly:0 RuntimeOnly:0 HLODRelevant:0
 |   |   |- Guid:D364E10A476B52996C091FBA5413A9C8 BaseClass:/Game/Blueprints/MirrorBluePrints/BP_Target_08.BP_Target_08_C NativeClass:/Script/Engine.Actor Name:BP_Target_08_C_UAID_3C22FBC38D1AD29E01_1654965978 Label:BP_Target_08 SpatiallyLoaded:1 Bounds:IsValid=true, Min=(X=2853.962 Y=2283.135 Z=-1494.249), Max=(X=2880.000 Y=2593.915 Z=498.932) RuntimeGrid:None EditorOnly:0 RuntimeOnly:0 HLODRelevant:0
 |   |   |- Guid:D64D6AD7412A6216465741913D8D3739 BaseClass:/Game/Blueprints/MirrorBluePrints/BP_Fragment_06.BP_Fragment_06_C NativeClass:/Script/Engine.Actor Name:BP_Fragment_06_C_UAID_3C22FBC38D1AD09E01_1188343621 Label:BP_Fragment_06 SpatiallyLoaded:1 Bounds:IsValid=true, Min=(X=715.569 Y=469.388 Z=-1826.038), Max=(X=1338.947 Y=1647.549 Z=-1800.000) RuntimeGrid:None EditorOnly:0 RuntimeOnly:0 HLODRelevant:0
 |   |   |- Guid:F35E12AE4D51E1C25C6A368E8E52AC58 BaseClass: NativeClass:/Script/Engine.PointLight Name:PointLight_UAID_3C22FBC38D1AF29D01_1342272545 Label:PointLight2 SpatiallyLoaded:1 Bounds:IsValid=true, Min=(X=-6530.000 Y=-990.000 Z=-2500.000), Max=(X=3470.000 Y=9010.000 Z=7500.000) RuntimeGrid:None EditorOnly:0 RuntimeOnly:0 HLODRelevant:0
 |   |   |- Guid:F5E3FEB3450C49844FD93DA8E083C8AD BaseClass: NativeClass:/Script/Engine.PostProcessVolume Name:PostProcessVolume_0 Label:PostProcessVolume SpatiallyLoaded:0 Bounds:IsValid=true, Min=(X=-5100.000 Y=-10.000 Z=900.000), Max=(X=-4900.000 Y=190.000 Z=1100.000) RuntimeGrid:None EditorOnly:0 RuntimeOnly:0 HLODRelevant:0 FolderPath:Lighting FolderGuid:963EC3EB4002CCE9759E2EBA541A873A
 |   |   |- Guid:FE85601848A5C5045E392DA22F946701 BaseClass:/Game/Blueprints/MirrorBluePrints/BP_Fragment_16.BP_Fragment_16_C NativeClass:/Script/Engine.Actor Name:BP_Fragment_16_C_UAID_3C22FBC38D1AD89E01_1146853027 Label:BP_Fragment_16 SpatiallyLoaded:1 Bounds:IsValid=true, Min=(X=68.706 Y=2256.253 Z=-1826.038), Max=(X=488.779 Y=3297.451 Z=-1800.000) RuntimeGrid:None EditorOnly:0 RuntimeOnly:0 HLODRelevant:0
 |   |- [+] Clusters:
 |   |   |- [+] [  0]
 |   |   |   |- Guid:6BAF4DDD444C60371492D3919DB42C97 BaseClass: NativeClass:/Script/Engine.WorldDataLayers Name:WorldDataLayers Label:WorldDataLayers SpatiallyLoaded:0 Bounds:IsValid=true, Min=(X=0.000 Y=0.000 Z=0.000), Max=(X=0.000 Y=0.000 Z=0.000) RuntimeGrid:None EditorOnly:0 RuntimeOnly:0 HLODRelevant:0
 |   |   |- [+] [  1]
 |   |   |   |- Guid:47AC7B654E2B5F9825A4F0BB57A1459B BaseClass:/Game/Blueprints/MirrorBluePrints/BP_Target_13.BP_Target_13_C NativeClass:/Script/Engine.Actor Name:BP_Target_13_C_UAID_3C22FBC38D1AD49E01_1812691340 Label:BP_Target_13 SpatiallyLoaded:1 Bounds:IsValid=true, Min=(X=2853.962 Y=1557.921 Z=-996.314), Max=(X=2880.000 Y=2243.721 Z=486.050) RuntimeGrid:None EditorOnly:0 RuntimeOnly:0 HLODRelevant:0
 |   |   |- [+] [  2]
 |   |   |   |- Guid:F35E12AE4D51E1C25C6A368E8E52AC58 BaseClass: NativeClass:/Script/Engine.PointLight Name:PointLight_UAID_3C22FBC38D1AF29D01_1342272545 Label:PointLight2 SpatiallyLoaded:1 Bounds:IsValid=true, Min=(X=-6530.000 Y=-990.000 Z=-2500.000), Max=(X=3470.000 Y=9010.000 Z=7500.000) RuntimeGrid:None EditorOnly:0 RuntimeOnly:0 HLODRelevant:0
 |   |   |- [+] [  3]
 |   |   |   |- Guid:34C4C7AC4FB8C5ECE32D95B7A4C77A6A BaseClass:/Game/Blueprints/MirrorBluePrints/BP_Target_06.BP_Target_06_C NativeClass:/Script/Engine.Actor Name:BP_Target_06_C_UAID_3C22FBC38D1AD09E01_1314465622 Label:BP_Target_06 SpatiallyLoaded:1 Bounds:IsValid=true, Min=(X=2853.962 Y=2298.569 Z=177.405), Max=(X=2880.000 Y=2921.947 Z=1406.790) RuntimeGrid:None EditorOnly:0 RuntimeOnly:0 HLODRelevant:0
 |   |   |- [+] [  4]
 |   |   |   |- Guid:F5E3FEB3450C49844FD93DA8E083C8AD BaseClass: NativeClass:/Script/Engine.PostProcessVolume Name:PostProcessVolume_0 Label:PostProcessVolume SpatiallyLoaded:0 Bounds:IsValid=true, Min=(X=-5100.000 Y=-10.000 Z=900.000), Max=(X=-4900.000 Y=190.000 Z=1100.000) RuntimeGrid:None EditorOnly:0 RuntimeOnly:0 HLODRelevant:0 FolderPath:Lighting FolderGuid:963EC3EB4002CCE9759E2EBA541A873A
 |   |   |- [+] [  5]
 |   |   |   |- Guid:6031815A4942863DE1A6A6BA99B1E6D2 BaseClass:/Game/Blueprints/MirrorBluePrints/BP_Fragment_00.BP_Fragment_00_C NativeClass:/Script/Engine.Actor Name:BP_Frgments_00_C_UAID_3C22FBC38D1ABC9D01_1077432041 Label:BP_Frgments_00 SpatiallyLoaded:1 Bounds:IsValid=true, Min=(X=-322.139 Y=3122.995 Z=-1826.038), Max=(X=88.023 Y=4826.289 Z=-1800.000) RuntimeGrid:None EditorOnly:0 RuntimeOnly:0 HLODRelevant:0
 |   |   |- [+] [  6]
 |   |   |   |- Guid:9F4496A44A33F8583265808430238469 BaseClass:/Game/Blueprints/MirrorBluePrints/BP_FragmentLight.BP_FragmentLight_C NativeClass:/Script/Engine.Actor Name:BP_FragmentLight_C_UAID_3C22FBC38D1A8E9E01_1854529000 Label:BP_FragmentLight SpatiallyLoaded:1 Bounds:IsValid=true, Min=(X=584.918 Y=2714.918 Z=-2930.164), Max=(X=1975.082 Y=4105.082 Z=-1540.000) RuntimeGrid:None EditorOnly:0 RuntimeOnly:0 HLODRelevant:0
 |   |   |- [+] [  7]
 |   |   |   |- Guid:7A02AC4844506B1AB857CC9F1E5B560D BaseClass:/Game/Blueprints/MirrorBluePrints/BP_Target_11.BP_Target_11_C NativeClass:/Script/Engine.Actor Name:BP_Target_11_C_UAID_3C22FBC38D1AD39E01_2108235160 Label:BP_Target_11 SpatiallyLoaded:1 Bounds:IsValid=true, Min=(X=2853.962 Y=1751.053 Z=-1346.284), Max=(X=2880.000 Y=2262.658 Z=482.499) RuntimeGrid:None EditorOnly:0 RuntimeOnly:0 HLODRelevant:0
 |   |   |- [+] [  8]
 |   |   |   |- Guid:B39DA8144B114F435BA6A09DC2F2E539 BaseClass:/Game/Blueprints/MirrorBluePrints/BP_Fragment_01.BP_Fragment_01_C NativeClass:/Script/Engine.Actor Name:BP_Fragment_01_C_UAID_3C22FBC38D1AF39D01_1998697722 Label:BP_Fragment_01 SpatiallyLoaded:1 Bounds:IsValid=true, Min=(X=1099.130 Y=-1852.772 Z=-1826.038), Max=(X=1522.376 Y=628.218 Z=-1800.000) RuntimeGrid:None EditorOnly:0 RuntimeOnly:0 HLODRelevant:0
 |   |   |- [+] [  9]
 |   |   |   |- Guid:89CB89EC43F27EB3B7F07ABDF7455F75 BaseClass:/Game/Blueprints/MirrorBluePrints/BP_Target_02.BP_Target_02_C NativeClass:/Script/Engine.Actor Name:BP_Target_02_C_UAID_3C22FBC38D1A229E01_2014660992 Label:BP_Target_02 SpatiallyLoaded:1 Bounds:IsValid=true, Min=(X=2853.962 Y=1785.169 Z=2056.938), Max=(X=2880.000 Y=2252.621 Z=5014.807) RuntimeGrid:None EditorOnly:0 RuntimeOnly:0 HLODRelevant:0
 |   |   |- [+] [ 10]
 |   |   |   |- Guid:6585B2CB477A94D2CB8EEF96F642CF63 BaseClass:/Game/Blueprints/MirrorBluePrints/BP_Target_17.BP_Target_17_C NativeClass:/Script/Engine.Actor Name:BP_Target_17_C_UAID_3C22FBC38D1AD89E01_1568134030 Label:BP_Target_17 SpatiallyLoaded:1 Bounds:IsValid=true, Min=(X=2853.962 Y=1370.973 Z=134.160), Max=(X=2880.000 Y=1791.047 Z=768.121) RuntimeGrid:None EditorOnly:0 RuntimeOnly:0 HLODRelevant:0
 |   |   |- [+] [ 11]
 |   |   |   |- Guid:2407EB7E421B7460E52EF785A82960B6 BaseClass: NativeClass:/Script/Engine.StaticMeshActor Name:StaticMeshActor_UAID_3C22FBC38D1AD49C01_1692956216 Label:ovalmirror_Cylinder_001 SpatiallyLoaded:1 Bounds:IsValid=true, Min=(X=-2450.000 Y=3760.000 Z=-690.000), Max=(X=-2450.000 Y=3760.000 Z=-690.000) RuntimeGrid:None EditorOnly:0 RuntimeOnly:0 HLODRelevant:0
 |   |   |- [+] [ 12]
 |   |   |   |- Guid:2AD5A1964E65470CC2CF678CBBE65783 BaseClass: NativeClass:/Script/Engine.PointLight Name:PointLight_UAID_3C22FBC38D1ACF9D01_1432934393 Label:PointLight SpatiallyLoaded:1 Bounds:IsValid=true, Min=(X=-105690.000 Y=-97480.000 Z=-94780.000), Max=(X=94310.000 Y=102520.000 Z=105220.000) RuntimeGrid:None EditorOnly:0 RuntimeOnly:0 HLODRelevant:0
 |   |   |- [+] [ 13]
 |   |   |   |- Guid:4D3BE93F4146AAAC8BBE79999D96D57F BaseClass: NativeClass:/Script/Engine.VolumetricCloud Name:VolumetricCloud_0 Label:VolumetricCloud SpatiallyLoaded:0 Bounds:IsValid=true, Min=(X=3000.000 Y=-5000.000 Z=5000.000), Max=(X=3000.000 Y=-5000.000 Z=5000.000) RuntimeGrid:None EditorOnly:0 RuntimeOnly:0 HLODRelevant:0 FolderPath:Lighting FolderGuid:963EC3EB4002CCE9759E2EBA541A873A
 |   |   |- [+] [ 14]
 |   |   |   |- Guid:C469DFAE46279FD0BD23099687D2722E BaseClass:/Game/Blueprints/MirrorBluePrints/BP_Target_00.BP_Target_00_C NativeClass:/Script/Engine.Actor Name:BP_Target_00_C_UAID_3C22FBC38D1ABD9D01_1257795220 Label:BP_Target_00 SpatiallyLoaded:1 Bounds:IsValid=true, Min=(X=2853.962 Y=1352.861 Z=1462.995), Max=(X=2880.000 Y=1763.023 Z=3166.289) RuntimeGrid:None EditorOnly:0 RuntimeOnly:0 HLODRelevant:0
 |   |   |- [+] [ 15]
 |   |   |   |- Guid:59D0C2074889DB767B9C3DBDA2F991FC BaseClass:/Game/Blueprints/BP_MirrorGame.BP_MirrorGame_C NativeClass:/Script/Engine.StaticMeshActor Name:BP_Mirror_C_UAID_3C22FBC38D1A069901_1944792789 Label:BP_MirrorGame SpatiallyLoaded:1 Bounds:IsValid=true, Min=(X=2890.000 Y=-4200.000 Z=-1855.000), Max=(X=2990.000 Y=10800.000 Z=7145.000) RuntimeGrid:None EditorOnly:0 RuntimeOnly:0 HLODRelevant:1
 |   |   |- [+] [ 16]
 |   |   |   |- Guid:8BF65EAE4FB14149F226E7B83BF30F02 BaseClass: NativeClass:/Script/Engine.StaticMeshActor Name:StaticMeshActor_UAID_3C22FBC38D1AD49C01_1627667214 Label:ovalmirror_Cylinder_002 SpatiallyLoaded:1 Bounds:IsValid=true, Min=(X=-2360.000 Y=3890.000 Z=-660.000), Max=(X=-2360.000 Y=3890.000 Z=-660.000) RuntimeGrid:None EditorOnly:0 RuntimeOnly:0 HLODRelevant:0
 |   |   |- [+] [ 17]
 |   |   |   |- Guid:20A5096740DBAEE8ECEB699310ABBA78 BaseClass:/Game/Blueprints/BP_CameraToMirror.BP_CameraToMirror_C NativeClass:/Script/Engine.CameraActor Name:BP_CameraToMirror_C_UAID_3C22FBC38D1A059901_2058829608 Label:BP_CameraToMirror SpatiallyLoaded:1 Bounds:IsValid=true, Min=(X=-5200.000 Y=650.000 Z=700.000), Max=(X=-5200.000 Y=650.000 Z=700.000) RuntimeGrid:None EditorOnly:0 RuntimeOnly:0 HLODRelevant:0
 |   |   |- [+] [ 18]
 |   |   |   |- Guid:7BDE8CF441CC9DAAF8F421A65B826888 BaseClass:/Game/Blueprints/MirrorBluePrints/BP_Target_14.BP_Target_14_C NativeClass:/Script/Engine.Actor Name:BP_Target_14_C_UAID_3C22FBC38D1AD79E01_1695123848 Label:BP_Target_14 SpatiallyLoaded:1 Bounds:IsValid=true, Min=(X=2853.962 Y=1536.581 Z=-574.716), Max=(X=2880.000 Y=2239.110 Z=493.694) RuntimeGrid:None EditorOnly:0 RuntimeOnly:0 HLODRelevant:0
 |   |   |- [+] [ 19]
 |   |   |   |- Guid:BA9F3BBA404FB71E2256939C0539ED59 BaseClass:/Game/Blueprints/MirrorBluePrints/BP_Target_04.BP_Target_04_C NativeClass:/Script/Engine.Actor Name:BP_Target_04_C_UAID_3C22FBC38D1ACE9E01_1755887266 Label:BP_Target_04 SpatiallyLoaded:1 Bounds:IsValid=true, Min=(X=2853.962 Y=2272.884 Z=499.668), Max=(X=2880.000 Y=2760.227 Z=4776.403) RuntimeGrid:None EditorOnly:0 RuntimeOnly:0 HLODRelevant:0
 |   |   |- [+] [ 20]
 |   |   |   |- Guid:D29C09C14729D8A85E306897D57EAD91 BaseClass:/Game/Blueprints/MirrorBluePrints/BP_Target_10.BP_Target_10_C NativeClass:/Script/Engine.Actor Name:BP_Target_10_C_UAID_3C22FBC38D1AD39E01_1514999158 Label:BP_Target_10 SpatiallyLoaded:1 Bounds:IsValid=true, Min=(X=2853.962 Y=1897.979 Z=-1536.058), Max=(X=2880.000 Y=2270.989 Z=483.681) RuntimeGrid:None EditorOnly:0 RuntimeOnly:0 HLODRelevant:0
 |   |   |- [+] [ 21]
 |   |   |   |- Guid:CCFF262C46EEFFDF319E7F9539CE697E BaseClass: NativeClass:/Script/Engine.SkyAtmosphere Name:SkyAtmosphere_0 Label:SkyAtmosphere SpatiallyLoaded:0 Bounds:IsValid=true, Min=(X=-5000.000 Y=40.000 Z=1530.000), Max=(X=-5000.000 Y=40.000 Z=1530.000) RuntimeGrid:None EditorOnly:0 RuntimeOnly:0 HLODRelevant:0 FolderPath:Lighting FolderGuid:963EC3EB4002CCE9759E2EBA541A873A
 |   |   |- [+] [ 22]
 |   |   |   |- Guid:3F852E37451DB84C86E0A2A54AC5111E BaseClass:/Game/Blueprints/MirrorBluePrints/BP_Fragment_14.BP_Fragment_14_C NativeClass:/Script/Engine.Actor Name:BP_Fragment_14_C_UAID_3C22FBC38D1AD79E01_1468377847 Label:BP_Fragment_14 SpatiallyLoaded:1 Bounds:IsValid=true, Min=(X=1336.581 Y=1747.284 Z=-1826.038), Max=(X=2039.110 Y=2815.694 Z=-1800.000) RuntimeGrid:None EditorOnly:0 RuntimeOnly:0 HLODRelevant:0
 |   |   |- [+] [ 23]
 |   |   |   |- Guid:91F0BA7646402E478F4EB0A3135A1610 BaseClass:/Game/Blueprints/MirrorBluePrints/BP_Fragment_15.BP_Fragment_15_C NativeClass:/Script/Engine.Actor Name:BP_Fragment_15_C_UAID_3C22FBC38D1AD79E01_1904838849 Label:BP_Fragment_15 SpatiallyLoaded:1 Bounds:IsValid=true, Min=(X=389.957 Y=3305.922 Z=-1826.038), Max=(X=965.345 Y=4107.357 Z=-1800.000) RuntimeGrid:None EditorOnly:0 RuntimeOnly:0 HLODRelevant:0
 |   |   |- [+] [ 24]
 |   |   |   |- Guid:D64D6AD7412A6216465741913D8D3739 BaseClass:/Game/Blueprints/MirrorBluePrints/BP_Fragment_06.BP_Fragment_06_C NativeClass:/Script/Engine.Actor Name:BP_Fragment_06_C_UAID_3C22FBC38D1AD09E01_1188343621 Label:BP_Fragment_06 SpatiallyLoaded:1 Bounds:IsValid=true, Min=(X=715.569 Y=469.388 Z=-1826.038), Max=(X=1338.947 Y=1647.549 Z=-1800.000) RuntimeGrid:None EditorOnly:0 RuntimeOnly:0 HLODRelevant:0
 |   |   |- [+] [ 25]
 |   |   |   |- Guid:569CF51B4A43E6D59A431698F10925B9 BaseClass:/Game/Blueprints/MirrorBluePrints/BP_Fragment_18.BP_Fragment_18_C NativeClass:/Script/Engine.Actor Name:BP_Fragment_18_C_UAID_3C22FBC38D1AD89E01_1892635031 Label:BP_Fragment_18 SpatiallyLoaded:1 Bounds:IsValid=true, Min=(X=822.261 Y=2288.917 Z=-1826.038), Max=(X=1220.914 Y=3266.364 Z=-1800.000) RuntimeGrid:None EditorOnly:0 RuntimeOnly:0 HLODRelevant:0
 |   |   |- [+] [ 26]
 |   |   |   |- Guid:7EDB720046AA9DA00F7E098D6D3EF33D BaseClass:/Game/Blueprints/MirrorBluePrints/BP_Fragment_04.BP_Fragment_04_C NativeClass:/Script/Engine.Actor Name:BP_Fragment_04_C_UAID_3C22FBC38D1ACE9E01_1738946265 Label:BP_Fragment_04 SpatiallyLoaded:1 Bounds:IsValid=true, Min=(X=2015.884 Y=-1960.332 Z=-1826.038), Max=(X=2503.227 Y=2316.403 Z=-1800.000) RuntimeGrid:None EditorOnly:0 RuntimeOnly:0 HLODRelevant:0
 |   |   |- [+] [ 27]
 |   |   |   |- Guid:7EF9668D48F3C3D7D6BF068365D119F6 BaseClass:/Game/Blueprints/MirrorBluePrints/BP_Fragment_12.BP_Fragment_12_C NativeClass:/Script/Engine.Actor Name:BP_Fragment_12_C_UAID_3C22FBC38D1AD49E01_1213206337 Label:BP_Fragment_12 SpatiallyLoaded:1 Bounds:IsValid=true, Min=(X=-107.495 Y=-2829.123 Z=-1826.038), Max=(X=493.015 Y=-1158.498 Z=-1800.000) RuntimeGrid:None EditorOnly:0 RuntimeOnly:0 HLODRelevant:0
 |   |   |- [+] [ 28]
 |   |   |   |- Guid:596FAD634E20B387D95F4EA74A64A3C9 BaseClass:/Game/Blueprints/MirrorBluePrints/BP_Fragment_08.BP_Fragment_08_C NativeClass:/Script/Engine.Actor Name:BP_Fragment_08_C_UAID_3C22FBC38D1AD29E01_1548354977 Label:BP_Fragment_08 SpatiallyLoaded:1 Bounds:IsValid=true, Min=(X=-486.865 Y=-3754.249 Z=-1826.038), Max=(X=-176.085 Y=-1761.068 Z=-1800.000) RuntimeGrid:None EditorOnly:0 RuntimeOnly:0 HLODRelevant:0
 |   |   |- [+] [ 29]
 |   |   |   |- Guid:BDAFB2704F2960E0B763A3B3E48E775C BaseClass:/Game/Blueprints/MirrorBluePrints/BP_Fragment_17.BP_Fragment_17_C NativeClass:/Script/Engine.Actor Name:BP_Fragment_17_C_UAID_3C22FBC38D1AD89E01_1415528029 Label:BP_Fragment_17 SpatiallyLoaded:1 Bounds:IsValid=true, Min=(X=-564.027 Y=1454.160 Z=-1826.038), Max=(X=-143.953 Y=2088.121 Z=-1800.000) RuntimeGrid:None EditorOnly:0 RuntimeOnly:0 HLODRelevant:0
 |   |   |- [+] [ 30]
 |   |   |   |- Guid:A473278944923FEACD58A19EF9D0F7D9 BaseClass:/Game/Blueprints/MirrorBluePrints/BP_Target_16.BP_Target_16_C NativeClass:/Script/Engine.Actor Name:BP_Target_16_C_UAID_3C22FBC38D1AD89E01_1270226028 Label:BP_Target_16 SpatiallyLoaded:1 Bounds:IsValid=true, Min=(X=2853.962 Y=1368.706 Z=-463.747), Max=(X=2880.000 Y=1788.779 Z=577.451) RuntimeGrid:None EditorOnly:0 RuntimeOnly:0 HLODRelevant:0
 |   |   |- [+] [ 31]
 |   |   |   |- Guid:FE85601848A5C5045E392DA22F946701 BaseClass:/Game/Blueprints/MirrorBluePrints/BP_Fragment_16.BP_Fragment_16_C NativeClass:/Script/Engine.Actor Name:BP_Fragment_16_C_UAID_3C22FBC38D1AD89E01_1146853027 Label:BP_Fragment_16 SpatiallyLoaded:1 Bounds:IsValid=true, Min=(X=68.706 Y=2256.253 Z=-1826.038), Max=(X=488.779 Y=3297.451 Z=-1800.000) RuntimeGrid:None EditorOnly:0 RuntimeOnly:0 HLODRelevant:0
 |   |   |- [+] [ 32]
 |   |   |   |- Guid:45EA3F7848470B979740629BC2B2B76A BaseClass:/Game/Blueprints/MirrorBluePrints/BP_Target_03.BP_Target_03_C NativeClass:/Script/Engine.Actor Name:BP_Target_03_C_UAID_3C22FBC38D1ACD9E01_1798700088 Label:BP_Target_03 SpatiallyLoaded:1 Bounds:IsValid=true, Min=(X=2853.962 Y=1791.697 Z=509.973), Max=(X=2880.000 Y=2264.154 Z=4786.708) RuntimeGrid:None EditorOnly:0 RuntimeOnly:0 HLODRelevant:0
 |   |   |- [+] [ 33]
 |   |   |   |- Guid:3A238A324C8B17430DE8C9BAF7639A87 BaseClass:/Game/Blueprints/MirrorBluePrints/BP_Fragment_05.BP_Fragment_05_C NativeClass:/Script/Engine.Actor Name:BP_Fragment_05_C_UAID_3C22FBC38D1ACF9E01_1654567443 Label:BP_Fragment_05 SpatiallyLoaded:1 Bounds:IsValid=true, Min=(X=-51.100 Y=-1573.801 Z=-1826.038), Max=(X=575.682 Y=1350.459 Z=-1800.000) RuntimeGrid:None EditorOnly:0 RuntimeOnly:0 HLODRelevant:0
 |   |   |- [+] [ 34]
 |   |   |   |- Guid:772E96D2429B705B600F18BD39436665 BaseClass:/Game/Blueprints/MirrorBluePrints/BP_Fragment_02.BP_Fragment_02_C NativeClass:/Script/Engine.Actor Name:BP_Fragment_02_C_UAID_3C22FBC38D1A219E01_2005816815 Label:BP_Fragment_02 SpatiallyLoaded:1 Bounds:IsValid=true, Min=(X=1635.169 Y=4106.938 Z=-1826.038), Max=(X=2102.621 Y=7064.807 Z=-1800.000) RuntimeGrid:None EditorOnly:0 RuntimeOnly:0 HLODRelevant:0
 |   |   |- [+] [ 35]
 |   |   |   |- Guid:1D63659446123A1456E1718909FFE613 BaseClass:/Game/Blueprints/BP_OvalMirror.BP_OvalMirror_C NativeClass:/Script/Engine.Actor Name:BP_OvalMirror_C_UAID_3C22FBC38D1ABB9E01_2063255919 Label:BP_OvalMirror SpatiallyLoaded:1 Bounds:IsValid=true, Min=(X=2880.000 Y=1170.000 Z=-1740.000), Max=(X=2980.000 Y=3070.000 Z=5110.000) RuntimeGrid:None EditorOnly:0 RuntimeOnly:0 HLODRelevant:0
 |   |   |- [+] [ 36]
 |   |   |   |- Guid:2D9B03C447B42CF2A33E6C9AC63E492B BaseClass:/Game/Blueprints/MirrorBluePrints/BP_Fragment_03.BP_Fragment_03_C NativeClass:/Script/Engine.Actor Name:BP_Fragment_03_C_UAID_3C22FBC38D1ACD9E01_1660479087 Label:BP_Fragment_03 SpatiallyLoaded:1 Bounds:IsValid=true, Min=(X=1986.697 Y=3589.973 Z=-1826.038), Max=(X=2459.154 Y=7866.708 Z=-1800.000) RuntimeGrid:None EditorOnly:0 RuntimeOnly:0 HLODRelevant:0
 |   |   |- [+] [ 37]
 |   |   |   |- Guid:567ECE1D4C0C909D9A61E4ADD182EF8F BaseClass:/Game/Blueprints/MirrorBluePrints/BP_Target_12.BP_Target_12_C NativeClass:/Script/Engine.Actor Name:BP_Target_12_C_UAID_3C22FBC38D1AD49E01_1421194338 Label:BP_Target_12 SpatiallyLoaded:1 Bounds:IsValid=true, Min=(X=2853.962 Y=1652.505 Z=-1189.123), Max=(X=2880.000 Y=2253.015 Z=481.502) RuntimeGrid:None EditorOnly:0 RuntimeOnly:0 HLODRelevant:0
 |   |   |- [+] [ 38]
 |   |   |   |- Guid:0FC4F8F34A51A07B7EA647A79F191554 BaseClass:/Game/Blueprints/MirrorBluePrints/BP_Fragment_10.BP_Fragment_10_C NativeClass:/Script/Engine.Actor Name:BP_Fragment_10_C_UAID_3C22FBC38D1AD39E01_1424643157 Label:BP_Fragment_10 SpatiallyLoaded:1 Bounds:IsValid=true, Min=(X=-472.021 Y=-1646.058 Z=-1826.038), Max=(X=-99.011 Y=373.681 Z=-1800.000) RuntimeGrid:None EditorOnly:0 RuntimeOnly:0 HLODRelevant:0
 |   |   |- [+] [ 39]
 |   |   |   |- Guid:B495CDE64618A0A77F6FBDAE52B45332 BaseClass: NativeClass:/Script/Engine.StaticMeshActor Name:StaticMeshActor_UAID_3C22FBC38D1AD49C01_1649523215 Label:ovalmirror_Cylinder SpatiallyLoaded:1 Bounds:IsValid=true, Min=(X=-2070.000 Y=3450.000 Z=-650.000), Max=(X=-2070.000 Y=3450.000 Z=-650.000) RuntimeGrid:None EditorOnly:0 RuntimeOnly:0 HLODRelevant:0
 |   |   |- [+] [ 40]
 |   |   |   |- Guid:8EE3439848A27333163CCA8F50DBD46D BaseClass:/Game/Blueprints/MirrorBluePrints/BP_Target_19.BP_Target_19_C NativeClass:/Script/Engine.Actor Name:BP_Target_19_C_UAID_3C22FBC38D1AE3A101_1744520128 Label:BP_Target_19 SpatiallyLoaded:1 Bounds:IsValid=true, Min=(X=2853.962 Y=1361.852 Z=509.332), Max=(X=2880.000 Y=2244.471 Z=2052.678) RuntimeGrid:None EditorOnly:0 RuntimeOnly:0 HLODRelevant:0
 |   |   |- [+] [ 41]
 |   |   |   |- Guid:00677E994BF7E2BB74888E90E19F53D5 BaseClass:/Game/Blueprints/MirrorBluePrints/BP_Fragment_19.BP_Fragment_19_C NativeClass:/Script/Engine.Actor Name:BP_Fragment_19_C_UAID_3C22FBC38D1AE3A101_1722265127 Label:BP_Fragment_19 SpatiallyLoaded:1 Bounds:IsValid=true, Min=(X=721.852 Y=2839.332 Z=-1736.038), Max=(X=1604.471 Y=4382.678 Z=-1710.000) RuntimeGrid:None EditorOnly:0 RuntimeOnly:0 HLODRelevant:0
 |   |   |- [+] [ 42]
 |   |   |   |- Guid:2109263D41E614432F136C9FDA4459BC BaseClass:/Game/Blueprints/MirrorBluePrints/BP_Target_15.BP_Target_15_C NativeClass:/Script/Engine.Actor Name:BP_Target_15_C_UAID_3C22FBC38D1AD79E01_2053612850 Label:BP_Target_15 SpatiallyLoaded:1 Bounds:IsValid=true, Min=(X=2853.962 Y=1664.957 Z=230.922), Max=(X=2880.000 Y=2240.345 Z=1032.357) RuntimeGrid:None EditorOnly:0 RuntimeOnly:0 HLODRelevant:0
 |   |   |- [+] [ 43]
 |   |   |   |- Guid:82A9D5DF42F4B6302C662289A98113CC BaseClass:/Game/Blueprints/MirrorBluePrints/BP_Fragment_11.BP_Fragment_11_C NativeClass:/Script/Engine.Actor Name:BP_Fragment_11_C_UAID_3C22FBC38D1AD39E01_1955051159 Label:BP_Fragment_11 SpatiallyLoaded:1 Bounds:IsValid=true, Min=(X=-23.947 Y=393.716 Z=-1826.038), Max=(X=487.658 Y=2222.499 Z=-1800.000) RuntimeGrid:None EditorOnly:0 RuntimeOnly:0 HLODRelevant:0
 |   |   |- [+] [ 44]
 |   |   |   |- Guid:8FCAB66B4B217582D16E43AFAB85B452 BaseClass:/Game/Blueprints/MirrorBluePrints/BP_Fragment_09.BP_Fragment_09_C NativeClass:/Script/Engine.Actor Name:BP_Fragment_09_C_UAID_3C22FBC38D1AD29E01_1971595979 Label:BP_Fragment_09 SpatiallyLoaded:1 Bounds:IsValid=true, Min=(X=648.071 Y=-2694.792 Z=-1826.038), Max=(X=910.692 Y=-658.515 Z=-1800.000) RuntimeGrid:None EditorOnly:0 RuntimeOnly:0 HLODRelevant:0
 |   |   |- [+] [ 45]
 |   |   |   |- Guid:6477858D44A4044EC135BFAA715A53A1 BaseClass:/Game/Blueprints/MirrorBluePrints/BP_Target_18.BP_Target_18_C NativeClass:/Script/Engine.Actor Name:BP_Target_18_C_UAID_3C22FBC38D1AD89E01_2016492032 Label:BP_Target_18 SpatiallyLoaded:1 Bounds:IsValid=true, Min=(X=2853.962 Y=1342.261 Z=478.917), Max=(X=2880.000 Y=1740.914 Z=1456.364) RuntimeGrid:None EditorOnly:0 RuntimeOnly:0 HLODRelevant:0
 |   |   |- [+] [ 46]
 |   |   |   |- Guid:0CBA272348E470B064587583E79B947D BaseClass:/Game/Blueprints/MirrorBluePrints/BP_Fragment_07.BP_Fragment_07_C NativeClass:/Script/Engine.Actor Name:BP_Fragment_07_C_UAID_3C22FBC38D1AD19E01_2069643799 Label:BP_Fragment_07 SpatiallyLoaded:1 Bounds:IsValid=true, Min=(X=374.924 Y=4452.841 Z=-1826.038), Max=(X=924.111 Y=5803.918 Z=-1800.000) RuntimeGrid:None EditorOnly:0 RuntimeOnly:0 HLODRelevant:0
 |   |   |- [+] [ 47]
 |   |   |   |- Guid:9EF7010240B673982BA6DF985EDBAB5F BaseClass:/Game/Blueprints/MirrorBluePrints/BP_Target_05.BP_Target_05_C NativeClass:/Script/Engine.Actor Name:BP_Target_05_C_UAID_3C22FBC38D1ACF9E01_1691784444 Label:BP_Target_05 SpatiallyLoaded:1 Bounds:IsValid=true, Min=(X=2853.962 Y=2285.900 Z=496.199), Max=(X=2880.000 Y=2912.682 Z=3420.459) RuntimeGrid:None EditorOnly:0 RuntimeOnly:0 HLODRelevant:0
 |   |   |- [+] [ 48]
 |   |   |   |- Guid:ACDF592346402CBE7E78D8BB8A426910 BaseClass: NativeClass:/Script/Engine.StaticMeshActor Name:StaticMeshActor_UAID_3C22FBC38D1AD49C01_1728928217 Label:ovalmirror_Cylinder_2 SpatiallyLoaded:1 Bounds:IsValid=true, Min=(X=2884.936 Y=1083.740 Z=-1816.137), Max=(X=2895.064 Y=3156.261 Z=5214.137) RuntimeGrid:None EditorOnly:0 RuntimeOnly:0 HLODRelevant:1
 |   |   |- [+] [ 49]
 |   |   |   |- Guid:5053CB254DC5036D4E5425A4F8117441 BaseClass: NativeClass:/Script/Engine.StaticMeshActor Name:StaticMeshActor_UAID_3C22FBC38D1A299E01_1666220224 Label:Cube2 SpatiallyLoaded:1 Bounds:IsValid=true, Min=(X=-5000.000 Y=-4230.000 Z=-1850.000), Max=(X=2900.000 Y=-4130.000 Z=7150.000) RuntimeGrid:None EditorOnly:0 RuntimeOnly:0 HLODRelevant:1
 |   |   |- [+] [ 50]
 |   |   |   |- Guid:D364E10A476B52996C091FBA5413A9C8 BaseClass:/Game/Blueprints/MirrorBluePrints/BP_Target_08.BP_Target_08_C NativeClass:/Script/Engine.Actor Name:BP_Target_08_C_UAID_3C22FBC38D1AD29E01_1654965978 Label:BP_Target_08 SpatiallyLoaded:1 Bounds:IsValid=true, Min=(X=2853.962 Y=2283.135 Z=-1494.249), Max=(X=2880.000 Y=2593.915 Z=498.932) RuntimeGrid:None EditorOnly:0 RuntimeOnly:0 HLODRelevant:0
 |   |   |- [+] [ 51]
 |   |   |   |- Guid:69DABE6649BA161575DE368BE8EC332B BaseClass:/Game/Blueprints/MirrorBluePrints/BP_Target_07.BP_Target_07_C NativeClass:/Script/Engine.Actor Name:BP_Target_07_C_UAID_3C22FBC38D1AD29E01_1176769976 Label:BP_Target_07 SpatiallyLoaded:1 Bounds:IsValid=true, Min=(X=2853.962 Y=2289.924 Z=-852.159), Max=(X=2880.000 Y=2839.111 Z=498.918) RuntimeGrid:None EditorOnly:0 RuntimeOnly:0 HLODRelevant:0
 |   |   |- [+] [ 52]
 |   |   |   |- Guid:B6802C2D4BA81B3FA0D8CBB582D1AC5A BaseClass:/Game/Blueprints/MirrorBluePrints/BP_Fragment_13.BP_Fragment_13_C NativeClass:/Script/Engine.Actor Name:BP_Fragment_13_C_UAID_3C22FBC38D1AD49E01_1620484339 Label:BP_Fragment_13 SpatiallyLoaded:1 Bounds:IsValid=true, Min=(X=-79.079 Y=1263.686 Z=-1826.038), Max=(X=606.721 Y=2746.050 Z=-1800.000) RuntimeGrid:None EditorOnly:0 RuntimeOnly:0 HLODRelevant:0
 |   |   |- [+] [ 53]
 |   |   |   |- Guid:26E54B3D411774BB80879F82A0D067A0 BaseClass:/Game/Blueprints/MirrorBluePrints/BP_Target_01.BP_Target_01_C NativeClass:/Script/Engine.Actor Name:BP_Target_01_C_UAID_3C22FBC38D1AF49D01_1450913899 Label:BP_Target_01 SpatiallyLoaded:1 Bounds:IsValid=true, Min=(X=2853.962 Y=1423.130 Z=2042.228), Max=(X=2880.000 Y=1846.376 Z=4523.218) RuntimeGrid:None EditorOnly:0 RuntimeOnly:0 HLODRelevant:0
 |   |   |- [+] [ 54]
 |   |   |   |- Guid:90E63F034BD75F9C5E1EB7A2AF950DD4 BaseClass: NativeClass:/Script/Engine.DirectionalLight Name:DirectionalLight_UAID_3C22FBC38D1ACF9C01_1115993330 Label:DirectionalLight SpatiallyLoaded:0 Bounds:IsValid=true, Min=(X=-4398046511104.000 Y=-4398046511104.000 Z=-4398046511104.000), Max=(X=4398046511104.000 Y=4398046511104.000 Z=4398046511104.000) RuntimeGrid:None EditorOnly:0 RuntimeOnly:0 HLODRelevant:0
 |   |   |- [+] [ 55]
 |   |   |   |- Guid:21134ED54F78C2F6F550ADAE0876EBCE BaseClass:/Game/Blueprints/MirrorBluePrints/BP_Target_09.BP_Target_09_C NativeClass:/Script/Engine.Actor Name:BP_Target_09_C_UAID_3C22FBC38D1AD39E01_1074349156 Label:BP_Target_09 SpatiallyLoaded:1 Bounds:IsValid=true, Min=(X=2853.962 Y=2058.071 Z=-1534.792), Max=(X=2880.000 Y=2320.692 Z=501.485) RuntimeGrid:None EditorOnly:0 RuntimeOnly:0 HLODRelevant:0
 |   |   |- [+] [ 56]
 |   |   |   |- Guid:B7DC8C71486137DDE88432AC3A1D08F4 BaseClass: NativeClass:/Script/Engine.StaticMeshActor Name:StaticMeshActor_UAID_3C22FBC38D1A299E01_1115220223 Label:Cube SpatiallyLoaded:1 Bounds:IsValid=true, Min=(X=-5020.000 Y=-4230.000 Z=-2350.000), Max=(X=2980.000 Y=10870.000 Z=-1850.000) RuntimeGrid:None EditorOnly:0 RuntimeOnly:0 HLODRelevant:1
 |- ContainerInstances:
 |- [+] MainContainer:
 |   |-        ID: 0x0000000000000000
 |   |-    Bounds: IsValid=false, Min=(X=0.000 Y=0.000 Z=0.000), Max=(X=0.000 Y=0.000 Z=0.000)
 |   |- Transform: 0.000000,0.000000,0.000000|0.000000,0.000000,-0.000000|1.000000,1.000000,1.000000
 |   |- Container: /Game/ThirdPerson/Maps/ThirdPersonMap
----------------------------------------------------------------------------------------------------------------
ThirdPersonMap - Persistent Level
----------------------------------------------------------------------------------------------------------------
Always loaded Actor Count: 64 

----------------------------------------------------------------------------------------------------------------
ThirdPersonMap - Runtime Spatial Hash - Streaming Grid - MainGrid
----------------------------------------------------------------------------------------------------------------
            Origin: X=0.000 Y=0.000 Z=0.000
         Cell Size: 12800
      World Bounds: IsValid=false, Min=(X=0.000 Y=0.000 Z=0.000), Max=(X=0.000 Y=0.000 Z=0.000)
     Loading Range: 25600.00
Block Slow Loading: No
 ClientOnlyVisible: No

[+] Grid Levels: 1
 |- Level  0: Cell Count    0 | Cell Size   12800 | Actor Count    0 (0.0%)

[+] Content of Grid Level 0

