[+] Containers:
 |- [+] Container: /Game/ThirdPerson/Maps/ThirdPersonMap
 |   |- [+] ActorDescs:
 |   |   |- Guid:028608CE4A0CB5357E86DFA4AFED80A6 BaseClass:/Game/Blueprints/BP_Target.BP_Target_C NativeClass:/Script/Engine.Actor Name:BP_Target_C_UAID_3C22FBC38D1A079901_1433695966 Label:BP_Target_00 SpatiallyLoaded:1 Bounds:IsValid=true, Min=(X=2840.000 Y=1550.000 Z=1051.000), Max=(X=2940.000 Y=1650.000 Z=1151.000) RuntimeGrid:None EditorOnly:0 RuntimeOnly:0 HLODRelevant:0
 |   |   |- Guid:0781D8EB4E2DCC56B182D8B07A27A942 BaseClass:/Game/Blueprints/BP_Target.BP_Target_C NativeClass:/Script/Engine.Actor Name:BP_Target_C_UAID_3C22FBC38D1AE39B01_1218153798 Label:BP_Target_06 SpatiallyLoaded:1 Bounds:IsValid=true, Min=(X=2840.000 Y=2150.000 Z=1050.000), Max=(X=2940.000 Y=2250.000 Z=1150.000) RuntimeGrid:None EditorOnly:0 RuntimeOnly:0 HLODRelevant:0
 |   |   |- Guid:20A5096740DBAEE8ECEB699310ABBA78 BaseClass:/Game/Blueprints/BP_CameraToMirror.BP_CameraToMirror_C NativeClass:/Script/Engine.CameraActor Name:BP_CameraToMirror_C_UAID_3C22FBC38D1A059901_2058829608 Label:BP_CameraToMirror SpatiallyLoaded:1 Bounds:IsValid=true, Min=(X=-400.000 Y=2018.529 Z=270.000), Max=(X=-400.000 Y=2018.529 Z=270.000) RuntimeGrid:None EditorOnly:0 RuntimeOnly:0 HLODRelevant:0
 |   |   |- Guid:2D803DFF4F0B0757BD4CF38559E1F08B BaseClass:/Game/Blueprints/BP_Target.BP_Target_C NativeClass:/Script/Engine.Actor Name:BP_Target_C_UAID_3C22FBC38D1AE19B01_1583627440 Label:BP_Target_03 SpatiallyLoaded:1 Bounds:IsValid=true, Min=(X=2840.000 Y=1850.000 Z=1050.000), Max=(X=2940.000 Y=1950.000 Z=1150.000) RuntimeGrid:None EditorOnly:0 RuntimeOnly:0 HLODRelevant:0
 |   |   |- Guid:2EA74C104BA27E3D9E2073B2C17E861D BaseClass:/Game/Blueprints/BP_Fragment.BP_Fragment_C NativeClass:/Script/Engine.Actor Name:BP_Fragment_C_UAID_3C22FBC38D1AE39B01_1341317803 Label:BP_Fragment_05 SpatiallyLoaded:1 Bounds:IsValid=true, Min=(X=100.000 Y=1460.000 Z=750.000), Max=(X=200.000 Y=1560.000 Z=850.000) RuntimeGrid:None EditorOnly:0 RuntimeOnly:0 HLODRelevant:0
 |   |   |- Guid:2FB58999456391D349DC0F86DAC136ED BaseClass: NativeClass:/Script/Engine.SkyLight Name:SkyLight_1 Label:SkyLight SpatiallyLoaded:0 Bounds:IsValid=true, Min=(X=0.000 Y=0.000 Z=690.000), Max=(X=0.000 Y=0.000 Z=690.000) RuntimeGrid:None EditorOnly:0 RuntimeOnly:0 HLODRelevant:0 FolderPath:Lighting FolderGuid:963EC3EB4002CCE9759E2EBA541A873A
 |   |   |- Guid:316CF2A6494ACA4C0E4180A87D36AB8F BaseClass: NativeClass:/Script/Engine.ExponentialHeightFog Name:ExponentialHeightFog_0 Label:ExponentialHeightFog SpatiallyLoaded:0 Bounds:IsValid=true, Min=(X=-5600.000 Y=-50.000 Z=-6850.000), Max=(X=-5600.000 Y=-50.000 Z=-6850.000) RuntimeGrid:None EditorOnly:0 RuntimeOnly:0 HLODRelevant:0 FolderPath:Lighting FolderGuid:963EC3EB4002CCE9759E2EBA541A873A
 |   |   |- Guid:3C502E0F430E8A2D0F27CB99977D274C BaseClass:/Game/Blueprints/BP_Target.BP_Target_C NativeClass:/Script/Engine.Actor Name:BP_Target_C_UAID_3C22FBC38D1AE39B01_1164654796 Label:BP_Target_04 SpatiallyLoaded:1 Bounds:IsValid=true, Min=(X=2840.000 Y=1950.000 Z=1050.000), Max=(X=2940.000 Y=2050.000 Z=1150.000) RuntimeGrid:None EditorOnly:0 RuntimeOnly:0 HLODRelevant:0
 |   |   |- Guid:404E3B904527652920235EBAB2220CAE BaseClass:/Game/Blueprints/BP_Fragment.BP_Fragment_C NativeClass:/Script/Engine.Actor Name:BP_Fragment_C_UAID_3C22FBC38D1AE39B01_1344488805 Label:BP_Fragment_07 SpatiallyLoaded:1 Bounds:IsValid=true, Min=(X=250.000 Y=1660.000 Z=750.000), Max=(X=350.000 Y=1760.000 Z=850.000) RuntimeGrid:None EditorOnly:0 RuntimeOnly:0 HLODRelevant:0
 |   |   |- Guid:43815E84492231AFC407F59E3C28176B BaseClass: NativeClass:/Script/Engine.StaticMeshActor Name:StaticMeshActor_4 Label:SM_Cube6 SpatiallyLoaded:1 Bounds:IsValid=true, Min=(X=2900.000 Y=100.000 Z=0.000), Max=(X=3000.000 Y=3400.000 Z=1500.000) RuntimeGrid:None EditorOnly:0 RuntimeOnly:0 HLODRelevant:1 FolderPath:Playground FolderGuid:C73F09FC4215536B1DCE2A9E0A830C70
 |   |   |- Guid:44861753435CB865D6198F988E862BD2 BaseClass: NativeClass:/Script/Engine.CameraActor Name:CameraActor_UAID_3C22FBC38D1ADB9801_1513583215 Label:CameraActor SpatiallyLoaded:1 Bounds:IsValid=true, Min=(X=2403.210 Y=3280.480 Z=737.676), Max=(X=2403.210 Y=3280.480 Z=737.676) RuntimeGrid:None EditorOnly:0 RuntimeOnly:0 HLODRelevant:0
 |   |   |- Guid:4D3BE93F4146AAAC8BBE79999D96D57F BaseClass: NativeClass:/Script/Engine.VolumetricCloud Name:VolumetricCloud_0 Label:VolumetricCloud SpatiallyLoaded:0 Bounds:IsValid=true, Min=(X=0.000 Y=0.000 Z=820.000), Max=(X=0.000 Y=0.000 Z=820.000) RuntimeGrid:None EditorOnly:0 RuntimeOnly:0 HLODRelevant:0 FolderPath:Lighting FolderGuid:963EC3EB4002CCE9759E2EBA541A873A
 |   |   |- Guid:59D0C2074889DB767B9C3DBDA2F991FC BaseClass:/Game/Blueprints/BP_Mirror.BP_Mirror_C NativeClass:/Script/Engine.StaticMeshActor Name:BP_Mirror_C_UAID_3C22FBC38D1A069901_1944792789 Label:BP_Mirror SpatiallyLoaded:1 Bounds:IsValid=true, Min=(X=2850.000 Y=1500.000 Z=50.000), Max=(X=2950.000 Y=2500.000 Z=1350.000) RuntimeGrid:None EditorOnly:0 RuntimeOnly:0 HLODRelevant:1
 |   |   |- Guid:5A8FB1AD431A517BA56BA788124AEF29 BaseClass:/Game/Blueprints/BP_Fragment.BP_Fragment_C NativeClass:/Script/Engine.Actor Name:BP_Fragment_C_UAID_3C22FBC38D1A069901_1699380787 Label:BP_Fragment_00 SpatiallyLoaded:1 Bounds:IsValid=true, Min=(X=250.000 Y=2190.000 Z=750.000), Max=(X=350.000 Y=2290.000 Z=850.000) RuntimeGrid:None EditorOnly:0 RuntimeOnly:0 HLODRelevant:0
 |   |   |- Guid:67413C074EF305EA908AB6812B96F600 BaseClass:/Game/Blueprints/BP_Target.BP_Target_C NativeClass:/Script/Engine.Actor Name:BP_Target_C_UAID_3C22FBC38D1A079901_1550754967 Label:BP_Target_01 SpatiallyLoaded:1 Bounds:IsValid=true, Min=(X=2840.000 Y=1650.000 Z=1050.000), Max=(X=2940.000 Y=1750.000 Z=1150.000) RuntimeGrid:None EditorOnly:0 RuntimeOnly:0 HLODRelevant:0
 |   |   |- Guid:688350834CFA063FA94B8DADECC6AB7B BaseClass:/Game/Blueprints/BP_Fragment.BP_Fragment_C NativeClass:/Script/Engine.Actor Name:BP_Fragment_C_UAID_3C22FBC38D1AE39B01_1339696802 Label:BP_Fragment_04 SpatiallyLoaded:1 Bounds:IsValid=true, Min=(X=-70.000 Y=1240.000 Z=750.000), Max=(X=30.000 Y=1340.000 Z=850.000) RuntimeGrid:None EditorOnly:0 RuntimeOnly:0 HLODRelevant:0
 |   |   |- Guid:6BAF4DDD444C60371492D3919DB42C97 BaseClass: NativeClass:/Script/Engine.WorldDataLayers Name:WorldDataLayers Label:WorldDataLayers SpatiallyLoaded:0 Bounds:IsValid=true, Min=(X=0.000 Y=0.000 Z=0.000), Max=(X=0.000 Y=0.000 Z=0.000) RuntimeGrid:None EditorOnly:0 RuntimeOnly:0 HLODRelevant:0
 |   |   |- Guid:846EC351456DD678D7D6AEAEE3A156CD BaseClass:/Game/Blueprints/BP_Fragment.BP_Fragment_C NativeClass:/Script/Engine.Actor Name:BP_Fragment_C_UAID_3C22FBC38D1AE39B01_1957787810 Label:BP_Fragment_08 SpatiallyLoaded:1 Bounds:IsValid=true, Min=(X=-48.220 Y=1660.017 Z=750.000), Max=(X=51.780 Y=1760.017 Z=850.000) RuntimeGrid:None EditorOnly:0 RuntimeOnly:0 HLODRelevant:0
 |   |   |- Guid:8F22B0B142F302AAF49C99BB5C70F0C4 BaseClass:/Game/Blueprints/BP_Fragment.BP_Fragment_C NativeClass:/Script/Engine.Actor Name:BP_Fragment_C_UAID_3C22FBC38D1AE39B01_1342859804 Label:BP_Fragment_06 SpatiallyLoaded:1 Bounds:IsValid=true, Min=(X=250.000 Y=1510.000 Z=750.000), Max=(X=350.000 Y=1610.000 Z=850.000) RuntimeGrid:None EditorOnly:0 RuntimeOnly:0 HLODRelevant:0
 |   |   |- Guid:970230B943F4B4168DC0C4A84B60C5E3 BaseClass:/Game/Blueprints/BP_Target.BP_Target_C NativeClass:/Script/Engine.Actor Name:BP_Target_C_UAID_3C22FBC38D1AE39B01_1189309797 Label:BP_Target_05 SpatiallyLoaded:1 Bounds:IsValid=true, Min=(X=2840.000 Y=2050.000 Z=1050.000), Max=(X=2940.000 Y=2150.000 Z=1150.000) RuntimeGrid:None EditorOnly:0 RuntimeOnly:0 HLODRelevant:0
 |   |   |- Guid:B785ED2844B84CFB91E7F39FE661CD99 BaseClass: NativeClass:/Script/Engine.DirectionalLight Name:DirectionalLight_0 Label:DirectionalLight SpatiallyLoaded:0 Bounds:IsValid=true, Min=(X=-1048576.000 Y=-1048576.000 Z=-1048576.000), Max=(X=1048576.000 Y=1048576.000 Z=1048576.000) RuntimeGrid:None EditorOnly:0 RuntimeOnly:0 HLODRelevant:0 FolderPath:Lighting FolderGuid:963EC3EB4002CCE9759E2EBA541A873A
 |   |   |- Guid:BC08B79C4EA3C961CFF75EBBE83B367D BaseClass: NativeClass:/Script/Engine.StaticMeshActor Name:StaticMeshActor_5 Label:SM_Cube2 SpatiallyLoaded:1 Bounds:IsValid=true, Min=(X=0.000 Y=0.000 Z=0.000), Max=(X=3000.000 Y=100.000 Z=400.000) RuntimeGrid:None EditorOnly:0 RuntimeOnly:0 HLODRelevant:1 FolderPath:Playground FolderGuid:C73F09FC4215536B1DCE2A9E0A830C70
 |   |   |- Guid:CCFF262C46EEFFDF319E7F9539CE697E BaseClass: NativeClass:/Script/Engine.SkyAtmosphere Name:SkyAtmosphere_0 Label:SkyAtmosphere SpatiallyLoaded:0 Bounds:IsValid=true, Min=(X=0.000 Y=0.000 Z=1020.000), Max=(X=0.000 Y=0.000 Z=1020.000) RuntimeGrid:None EditorOnly:0 RuntimeOnly:0 HLODRelevant:0 FolderPath:Lighting FolderGuid:963EC3EB4002CCE9759E2EBA541A873A
 |   |   |- Guid:D1B343CD422EE825AEDC419DF99113CF BaseClass:/Game/Blueprints/BP_Fragment.BP_Fragment_C NativeClass:/Script/Engine.Actor Name:BP_Fragment_C_UAID_3C22FBC38D1A079901_1584791968 Label:BP_Fragment_01 SpatiallyLoaded:1 Bounds:IsValid=true, Min=(X=-7.092 Y=690.694 Z=750.000), Max=(X=92.908 Y=790.694 Z=850.000) RuntimeGrid:None EditorOnly:0 RuntimeOnly:0 HLODRelevant:0
 |   |   |- Guid:D6D48CA84BE4188ECA71478BF12A695D BaseClass:/Game/Blueprints/BP_Fragment.BP_Fragment_C NativeClass:/Script/Engine.Actor Name:BP_Fragment_C_UAID_3C22FBC38D1AE39B01_1893517809 Label:BP_Fragment_02 SpatiallyLoaded:1 Bounds:IsValid=true, Min=(X=-10.000 Y=840.000 Z=750.000), Max=(X=90.000 Y=940.000 Z=850.000) RuntimeGrid:None EditorOnly:0 RuntimeOnly:0 HLODRelevant:0
 |   |   |- Guid:E5451C6B4A1862A68FD6F7AEC66909D2 BaseClass:/Game/Blueprints/BP_Fragment.BP_Fragment_C NativeClass:/Script/Engine.Actor Name:BP_Fragment_C_UAID_3C22FBC38D1AE39B01_1338016801 Label:BP_Fragment_03 SpatiallyLoaded:1 Bounds:IsValid=true, Min=(X=250.000 Y=980.000 Z=750.000), Max=(X=350.000 Y=1080.000 Z=850.000) RuntimeGrid:None EditorOnly:0 RuntimeOnly:0 HLODRelevant:0
 |   |   |- Guid:EC4E0C944CE6AC6E784BC6BB2916EA13 BaseClass: NativeClass:/Script/Engine.StaticMeshActor Name:StaticMeshActor_UAID_A4AE111137DC5EFB00_1110535423 Label:SM_SkySphere SpatiallyLoaded:0 Bounds:IsValid=true, Min=(X=-1638400.000 Y=-1638400.000 Z=-1638400.000), Max=(X=1638400.000 Y=1638400.000 Z=1638400.000) RuntimeGrid:None EditorOnly:0 RuntimeOnly:0 HLODRelevant:1 FolderPath:Lighting FolderGuid:963EC3EB4002CCE9759E2EBA541A873A
 |   |   |- Guid:F17B5BAD45E347AEED83C8ABF6F60A07 BaseClass:/Game/Blueprints/BP_Target.BP_Target_C NativeClass:/Script/Engine.Actor Name:BP_Target_C_UAID_3C22FBC38D1AE19B01_1267219439 Label:BP_Target_02 SpatiallyLoaded:1 Bounds:IsValid=true, Min=(X=2840.000 Y=1750.000 Z=1050.000), Max=(X=2940.000 Y=1850.000 Z=1150.000) RuntimeGrid:None EditorOnly:0 RuntimeOnly:0 HLODRelevant:0
 |   |   |- Guid:F1924B8D48954B30891B2DB6A694F9CC BaseClass: NativeClass:/Script/Engine.StaticMeshActor Name:StaticMeshActor_1 Label:SM_Cube SpatiallyLoaded:1 Bounds:IsValid=true, Min=(X=0.000 Y=0.000 Z=-50.000), Max=(X=3000.000 Y=3500.000 Z=0.000) RuntimeGrid:None EditorOnly:0 RuntimeOnly:0 HLODRelevant:1 FolderPath:Playground FolderGuid:C73F09FC4215536B1DCE2A9E0A830C70
 |   |   |- Guid:F5E3FEB3450C49844FD93DA8E083C8AD BaseClass: NativeClass:/Script/Engine.PostProcessVolume Name:PostProcessVolume_0 Label:PostProcessVolume SpatiallyLoaded:0 Bounds:IsValid=true, Min=(X=0.000 Y=0.000 Z=400.000), Max=(X=200.000 Y=200.000 Z=600.000) RuntimeGrid:None EditorOnly:0 RuntimeOnly:0 HLODRelevant:0 FolderPath:Lighting FolderGuid:963EC3EB4002CCE9759E2EBA541A873A
 |   |   |- Guid:F82D21C846B944B8E7D1B7A2B53E87E1 BaseClass:/Game/Blueprints/BP_Target.BP_Target_C NativeClass:/Script/Engine.Actor Name:BP_Target_C_UAID_3C22FBC38D1AE39B01_1652306806 Label:BP_Target_07 SpatiallyLoaded:1 Bounds:IsValid=true, Min=(X=2840.000 Y=2250.000 Z=1050.000), Max=(X=2940.000 Y=2350.000 Z=1150.000) RuntimeGrid:None EditorOnly:0 RuntimeOnly:0 HLODRelevant:0
 |   |   |- Guid:F892E88440EFFFC4DD720690DC281490 BaseClass:/Game/Blueprints/BP_Target.BP_Target_C NativeClass:/Script/Engine.Actor Name:BP_Target_C_UAID_3C22FBC38D1AE39B01_1654928807 Label:BP_Target_08 SpatiallyLoaded:1 Bounds:IsValid=true, Min=(X=2840.000 Y=2350.000 Z=1050.000), Max=(X=2940.000 Y=2450.000 Z=1150.000) RuntimeGrid:None EditorOnly:0 RuntimeOnly:0 HLODRelevant:0
 |   |   |- Guid:FF698C67459ADB4982D7759C0905EE9F BaseClass: NativeClass:/Script/Engine.StaticMeshActor Name:StaticMeshActor_6 Label:SM_Cube3 SpatiallyLoaded:1 Bounds:IsValid=true, Min=(X=0.000 Y=3400.000 Z=0.000), Max=(X=3000.000 Y=3500.000 Z=400.000) RuntimeGrid:None EditorOnly:0 RuntimeOnly:0 HLODRelevant:1 FolderPath:Playground FolderGuid:C73F09FC4215536B1DCE2A9E0A830C70
 |   |- [+] Clusters:
 |   |   |- [+] [  0]
 |   |   |   |- Guid:6BAF4DDD444C60371492D3919DB42C97 BaseClass: NativeClass:/Script/Engine.WorldDataLayers Name:WorldDataLayers Label:WorldDataLayers SpatiallyLoaded:0 Bounds:IsValid=true, Min=(X=0.000 Y=0.000 Z=0.000), Max=(X=0.000 Y=0.000 Z=0.000) RuntimeGrid:None EditorOnly:0 RuntimeOnly:0 HLODRelevant:0
 |   |   |- [+] [  1]
 |   |   |   |- Guid:F82D21C846B944B8E7D1B7A2B53E87E1 BaseClass:/Game/Blueprints/BP_Target.BP_Target_C NativeClass:/Script/Engine.Actor Name:BP_Target_C_UAID_3C22FBC38D1AE39B01_1652306806 Label:BP_Target_07 SpatiallyLoaded:1 Bounds:IsValid=true, Min=(X=2840.000 Y=2250.000 Z=1050.000), Max=(X=2940.000 Y=2350.000 Z=1150.000) RuntimeGrid:None EditorOnly:0 RuntimeOnly:0 HLODRelevant:0
 |   |   |- [+] [  2]
 |   |   |   |- Guid:D6D48CA84BE4188ECA71478BF12A695D BaseClass:/Game/Blueprints/BP_Fragment.BP_Fragment_C NativeClass:/Script/Engine.Actor Name:BP_Fragment_C_UAID_3C22FBC38D1AE39B01_1893517809 Label:BP_Fragment_02 SpatiallyLoaded:1 Bounds:IsValid=true, Min=(X=-10.000 Y=840.000 Z=750.000), Max=(X=90.000 Y=940.000 Z=850.000) RuntimeGrid:None EditorOnly:0 RuntimeOnly:0 HLODRelevant:0
 |   |   |- [+] [  3]
 |   |   |   |- Guid:F5E3FEB3450C49844FD93DA8E083C8AD BaseClass: NativeClass:/Script/Engine.PostProcessVolume Name:PostProcessVolume_0 Label:PostProcessVolume SpatiallyLoaded:0 Bounds:IsValid=true, Min=(X=0.000 Y=0.000 Z=400.000), Max=(X=200.000 Y=200.000 Z=600.000) RuntimeGrid:None EditorOnly:0 RuntimeOnly:0 HLODRelevant:0 FolderPath:Lighting FolderGuid:963EC3EB4002CCE9759E2EBA541A873A
 |   |   |- [+] [  4]
 |   |   |   |- Guid:4D3BE93F4146AAAC8BBE79999D96D57F BaseClass: NativeClass:/Script/Engine.VolumetricCloud Name:VolumetricCloud_0 Label:VolumetricCloud SpatiallyLoaded:0 Bounds:IsValid=true, Min=(X=0.000 Y=0.000 Z=820.000), Max=(X=0.000 Y=0.000 Z=820.000) RuntimeGrid:None EditorOnly:0 RuntimeOnly:0 HLODRelevant:0 FolderPath:Lighting FolderGuid:963EC3EB4002CCE9759E2EBA541A873A
 |   |   |- [+] [  5]
 |   |   |   |- Guid:59D0C2074889DB767B9C3DBDA2F991FC BaseClass:/Game/Blueprints/BP_Mirror.BP_Mirror_C NativeClass:/Script/Engine.StaticMeshActor Name:BP_Mirror_C_UAID_3C22FBC38D1A069901_1944792789 Label:BP_Mirror SpatiallyLoaded:1 Bounds:IsValid=true, Min=(X=2850.000 Y=1500.000 Z=50.000), Max=(X=2950.000 Y=2500.000 Z=1350.000) RuntimeGrid:None EditorOnly:0 RuntimeOnly:0 HLODRelevant:1
 |   |   |- [+] [  6]
 |   |   |   |- Guid:2D803DFF4F0B0757BD4CF38559E1F08B BaseClass:/Game/Blueprints/BP_Target.BP_Target_C NativeClass:/Script/Engine.Actor Name:BP_Target_C_UAID_3C22FBC38D1AE19B01_1583627440 Label:BP_Target_03 SpatiallyLoaded:1 Bounds:IsValid=true, Min=(X=2840.000 Y=1850.000 Z=1050.000), Max=(X=2940.000 Y=1950.000 Z=1150.000) RuntimeGrid:None EditorOnly:0 RuntimeOnly:0 HLODRelevant:0
 |   |   |- [+] [  7]
 |   |   |   |- Guid:20A5096740DBAEE8ECEB699310ABBA78 BaseClass:/Game/Blueprints/BP_CameraToMirror.BP_CameraToMirror_C NativeClass:/Script/Engine.CameraActor Name:BP_CameraToMirror_C_UAID_3C22FBC38D1A059901_2058829608 Label:BP_CameraToMirror SpatiallyLoaded:1 Bounds:IsValid=true, Min=(X=-400.000 Y=2018.529 Z=270.000), Max=(X=-400.000 Y=2018.529 Z=270.000) RuntimeGrid:None EditorOnly:0 RuntimeOnly:0 HLODRelevant:0
 |   |   |- [+] [  8]
 |   |   |   |- Guid:688350834CFA063FA94B8DADECC6AB7B BaseClass:/Game/Blueprints/BP_Fragment.BP_Fragment_C NativeClass:/Script/Engine.Actor Name:BP_Fragment_C_UAID_3C22FBC38D1AE39B01_1339696802 Label:BP_Fragment_04 SpatiallyLoaded:1 Bounds:IsValid=true, Min=(X=-70.000 Y=1240.000 Z=750.000), Max=(X=30.000 Y=1340.000 Z=850.000) RuntimeGrid:None EditorOnly:0 RuntimeOnly:0 HLODRelevant:0
 |   |   |- [+] [  9]
 |   |   |   |- Guid:970230B943F4B4168DC0C4A84B60C5E3 BaseClass:/Game/Blueprints/BP_Target.BP_Target_C NativeClass:/Script/Engine.Actor Name:BP_Target_C_UAID_3C22FBC38D1AE39B01_1189309797 Label:BP_Target_05 SpatiallyLoaded:1 Bounds:IsValid=true, Min=(X=2840.000 Y=2050.000 Z=1050.000), Max=(X=2940.000 Y=2150.000 Z=1150.000) RuntimeGrid:None EditorOnly:0 RuntimeOnly:0 HLODRelevant:0
 |   |   |- [+] [ 10]
 |   |   |   |- Guid:2EA74C104BA27E3D9E2073B2C17E861D BaseClass:/Game/Blueprints/BP_Fragment.BP_Fragment_C NativeClass:/Script/Engine.Actor Name:BP_Fragment_C_UAID_3C22FBC38D1AE39B01_1341317803 Label:BP_Fragment_05 SpatiallyLoaded:1 Bounds:IsValid=true, Min=(X=100.000 Y=1460.000 Z=750.000), Max=(X=200.000 Y=1560.000 Z=850.000) RuntimeGrid:None EditorOnly:0 RuntimeOnly:0 HLODRelevant:0
 |   |   |- [+] [ 11]
 |   |   |   |- Guid:5A8FB1AD431A517BA56BA788124AEF29 BaseClass:/Game/Blueprints/BP_Fragment.BP_Fragment_C NativeClass:/Script/Engine.Actor Name:BP_Fragment_C_UAID_3C22FBC38D1A069901_1699380787 Label:BP_Fragment_00 SpatiallyLoaded:1 Bounds:IsValid=true, Min=(X=250.000 Y=2190.000 Z=750.000), Max=(X=350.000 Y=2290.000 Z=850.000) RuntimeGrid:None EditorOnly:0 RuntimeOnly:0 HLODRelevant:0
 |   |   |- [+] [ 12]
 |   |   |   |- Guid:E5451C6B4A1862A68FD6F7AEC66909D2 BaseClass:/Game/Blueprints/BP_Fragment.BP_Fragment_C NativeClass:/Script/Engine.Actor Name:BP_Fragment_C_UAID_3C22FBC38D1AE39B01_1338016801 Label:BP_Fragment_03 SpatiallyLoaded:1 Bounds:IsValid=true, Min=(X=250.000 Y=980.000 Z=750.000), Max=(X=350.000 Y=1080.000 Z=850.000) RuntimeGrid:None EditorOnly:0 RuntimeOnly:0 HLODRelevant:0
 |   |   |- [+] [ 13]
 |   |   |   |- Guid:CCFF262C46EEFFDF319E7F9539CE697E BaseClass: NativeClass:/Script/Engine.SkyAtmosphere Name:SkyAtmosphere_0 Label:SkyAtmosphere SpatiallyLoaded:0 Bounds:IsValid=true, Min=(X=0.000 Y=0.000 Z=1020.000), Max=(X=0.000 Y=0.000 Z=1020.000) RuntimeGrid:None EditorOnly:0 RuntimeOnly:0 HLODRelevant:0 FolderPath:Lighting FolderGuid:963EC3EB4002CCE9759E2EBA541A873A
 |   |   |- [+] [ 14]
 |   |   |   |- Guid:EC4E0C944CE6AC6E784BC6BB2916EA13 BaseClass: NativeClass:/Script/Engine.StaticMeshActor Name:StaticMeshActor_UAID_A4AE111137DC5EFB00_1110535423 Label:SM_SkySphere SpatiallyLoaded:0 Bounds:IsValid=true, Min=(X=-1638400.000 Y=-1638400.000 Z=-1638400.000), Max=(X=1638400.000 Y=1638400.000 Z=1638400.000) RuntimeGrid:None EditorOnly:0 RuntimeOnly:0 HLODRelevant:1 FolderPath:Lighting FolderGuid:963EC3EB4002CCE9759E2EBA541A873A
 |   |   |- [+] [ 15]
 |   |   |   |- Guid:F17B5BAD45E347AEED83C8ABF6F60A07 BaseClass:/Game/Blueprints/BP_Target.BP_Target_C NativeClass:/Script/Engine.Actor Name:BP_Target_C_UAID_3C22FBC38D1AE19B01_1267219439 Label:BP_Target_02 SpatiallyLoaded:1 Bounds:IsValid=true, Min=(X=2840.000 Y=1750.000 Z=1050.000), Max=(X=2940.000 Y=1850.000 Z=1150.000) RuntimeGrid:None EditorOnly:0 RuntimeOnly:0 HLODRelevant:0
 |   |   |- [+] [ 16]
 |   |   |   |- Guid:43815E84492231AFC407F59E3C28176B BaseClass: NativeClass:/Script/Engine.StaticMeshActor Name:StaticMeshActor_4 Label:SM_Cube6 SpatiallyLoaded:1 Bounds:IsValid=true, Min=(X=2900.000 Y=100.000 Z=0.000), Max=(X=3000.000 Y=3400.000 Z=1500.000) RuntimeGrid:None EditorOnly:0 RuntimeOnly:0 HLODRelevant:1 FolderPath:Playground FolderGuid:C73F09FC4215536B1DCE2A9E0A830C70
 |   |   |- [+] [ 17]
 |   |   |   |- Guid:B785ED2844B84CFB91E7F39FE661CD99 BaseClass: NativeClass:/Script/Engine.DirectionalLight Name:DirectionalLight_0 Label:DirectionalLight SpatiallyLoaded:0 Bounds:IsValid=true, Min=(X=-1048576.000 Y=-1048576.000 Z=-1048576.000), Max=(X=1048576.000 Y=1048576.000 Z=1048576.000) RuntimeGrid:None EditorOnly:0 RuntimeOnly:0 HLODRelevant:0 FolderPath:Lighting FolderGuid:963EC3EB4002CCE9759E2EBA541A873A
 |   |   |- [+] [ 18]
 |   |   |   |- Guid:316CF2A6494ACA4C0E4180A87D36AB8F BaseClass: NativeClass:/Script/Engine.ExponentialHeightFog Name:ExponentialHeightFog_0 Label:ExponentialHeightFog SpatiallyLoaded:0 Bounds:IsValid=true, Min=(X=-5600.000 Y=-50.000 Z=-6850.000), Max=(X=-5600.000 Y=-50.000 Z=-6850.000) RuntimeGrid:None EditorOnly:0 RuntimeOnly:0 HLODRelevant:0 FolderPath:Lighting FolderGuid:963EC3EB4002CCE9759E2EBA541A873A
 |   |   |- [+] [ 19]
 |   |   |   |- Guid:F1924B8D48954B30891B2DB6A694F9CC BaseClass: NativeClass:/Script/Engine.StaticMeshActor Name:StaticMeshActor_1 Label:SM_Cube SpatiallyLoaded:1 Bounds:IsValid=true, Min=(X=0.000 Y=0.000 Z=-50.000), Max=(X=3000.000 Y=3500.000 Z=0.000) RuntimeGrid:None EditorOnly:0 RuntimeOnly:0 HLODRelevant:1 FolderPath:Playground FolderGuid:C73F09FC4215536B1DCE2A9E0A830C70
 |   |   |- [+] [ 20]
 |   |   |   |- Guid:0781D8EB4E2DCC56B182D8B07A27A942 BaseClass:/Game/Blueprints/BP_Target.BP_Target_C NativeClass:/Script/Engine.Actor Name:BP_Target_C_UAID_3C22FBC38D1AE39B01_1218153798 Label:BP_Target_06 SpatiallyLoaded:1 Bounds:IsValid=true, Min=(X=2840.000 Y=2150.000 Z=1050.000), Max=(X=2940.000 Y=2250.000 Z=1150.000) RuntimeGrid:None EditorOnly:0 RuntimeOnly:0 HLODRelevant:0
 |   |   |- [+] [ 21]
 |   |   |   |- Guid:2FB58999456391D349DC0F86DAC136ED BaseClass: NativeClass:/Script/Engine.SkyLight Name:SkyLight_1 Label:SkyLight SpatiallyLoaded:0 Bounds:IsValid=true, Min=(X=0.000 Y=0.000 Z=690.000), Max=(X=0.000 Y=0.000 Z=690.000) RuntimeGrid:None EditorOnly:0 RuntimeOnly:0 HLODRelevant:0 FolderPath:Lighting FolderGuid:963EC3EB4002CCE9759E2EBA541A873A
 |   |   |- [+] [ 22]
 |   |   |   |- Guid:F892E88440EFFFC4DD720690DC281490 BaseClass:/Game/Blueprints/BP_Target.BP_Target_C NativeClass:/Script/Engine.Actor Name:BP_Target_C_UAID_3C22FBC38D1AE39B01_1654928807 Label:BP_Target_08 SpatiallyLoaded:1 Bounds:IsValid=true, Min=(X=2840.000 Y=2350.000 Z=1050.000), Max=(X=2940.000 Y=2450.000 Z=1150.000) RuntimeGrid:None EditorOnly:0 RuntimeOnly:0 HLODRelevant:0
 |   |   |- [+] [ 23]
 |   |   |   |- Guid:846EC351456DD678D7D6AEAEE3A156CD BaseClass:/Game/Blueprints/BP_Fragment.BP_Fragment_C NativeClass:/Script/Engine.Actor Name:BP_Fragment_C_UAID_3C22FBC38D1AE39B01_1957787810 Label:BP_Fragment_08 SpatiallyLoaded:1 Bounds:IsValid=true, Min=(X=-48.220 Y=1660.017 Z=750.000), Max=(X=51.780 Y=1760.017 Z=850.000) RuntimeGrid:None EditorOnly:0 RuntimeOnly:0 HLODRelevant:0
 |   |   |- [+] [ 24]
 |   |   |   |- Guid:67413C074EF305EA908AB6812B96F600 BaseClass:/Game/Blueprints/BP_Target.BP_Target_C NativeClass:/Script/Engine.Actor Name:BP_Target_C_UAID_3C22FBC38D1A079901_1550754967 Label:BP_Target_01 SpatiallyLoaded:1 Bounds:IsValid=true, Min=(X=2840.000 Y=1650.000 Z=1050.000), Max=(X=2940.000 Y=1750.000 Z=1150.000) RuntimeGrid:None EditorOnly:0 RuntimeOnly:0 HLODRelevant:0
 |   |   |- [+] [ 25]
 |   |   |   |- Guid:028608CE4A0CB5357E86DFA4AFED80A6 BaseClass:/Game/Blueprints/BP_Target.BP_Target_C NativeClass:/Script/Engine.Actor Name:BP_Target_C_UAID_3C22FBC38D1A079901_1433695966 Label:BP_Target_00 SpatiallyLoaded:1 Bounds:IsValid=true, Min=(X=2840.000 Y=1550.000 Z=1051.000), Max=(X=2940.000 Y=1650.000 Z=1151.000) RuntimeGrid:None EditorOnly:0 RuntimeOnly:0 HLODRelevant:0
 |   |   |- [+] [ 26]
 |   |   |   |- Guid:44861753435CB865D6198F988E862BD2 BaseClass: NativeClass:/Script/Engine.CameraActor Name:CameraActor_UAID_3C22FBC38D1ADB9801_1513583215 Label:CameraActor SpatiallyLoaded:1 Bounds:IsValid=true, Min=(X=2403.210 Y=3280.480 Z=737.676), Max=(X=2403.210 Y=3280.480 Z=737.676) RuntimeGrid:None EditorOnly:0 RuntimeOnly:0 HLODRelevant:0
 |   |   |- [+] [ 27]
 |   |   |   |- Guid:8F22B0B142F302AAF49C99BB5C70F0C4 BaseClass:/Game/Blueprints/BP_Fragment.BP_Fragment_C NativeClass:/Script/Engine.Actor Name:BP_Fragment_C_UAID_3C22FBC38D1AE39B01_1342859804 Label:BP_Fragment_06 SpatiallyLoaded:1 Bounds:IsValid=true, Min=(X=250.000 Y=1510.000 Z=750.000), Max=(X=350.000 Y=1610.000 Z=850.000) RuntimeGrid:None EditorOnly:0 RuntimeOnly:0 HLODRelevant:0
 |   |   |- [+] [ 28]
 |   |   |   |- Guid:404E3B904527652920235EBAB2220CAE BaseClass:/Game/Blueprints/BP_Fragment.BP_Fragment_C NativeClass:/Script/Engine.Actor Name:BP_Fragment_C_UAID_3C22FBC38D1AE39B01_1344488805 Label:BP_Fragment_07 SpatiallyLoaded:1 Bounds:IsValid=true, Min=(X=250.000 Y=1660.000 Z=750.000), Max=(X=350.000 Y=1760.000 Z=850.000) RuntimeGrid:None EditorOnly:0 RuntimeOnly:0 HLODRelevant:0
 |   |   |- [+] [ 29]
 |   |   |   |- Guid:BC08B79C4EA3C961CFF75EBBE83B367D BaseClass: NativeClass:/Script/Engine.StaticMeshActor Name:StaticMeshActor_5 Label:SM_Cube2 SpatiallyLoaded:1 Bounds:IsValid=true, Min=(X=0.000 Y=0.000 Z=0.000), Max=(X=3000.000 Y=100.000 Z=400.000) RuntimeGrid:None EditorOnly:0 RuntimeOnly:0 HLODRelevant:1 FolderPath:Playground FolderGuid:C73F09FC4215536B1DCE2A9E0A830C70
 |   |   |- [+] [ 30]
 |   |   |   |- Guid:D1B343CD422EE825AEDC419DF99113CF BaseClass:/Game/Blueprints/BP_Fragment.BP_Fragment_C NativeClass:/Script/Engine.Actor Name:BP_Fragment_C_UAID_3C22FBC38D1A079901_1584791968 Label:BP_Fragment_01 SpatiallyLoaded:1 Bounds:IsValid=true, Min=(X=-7.092 Y=690.694 Z=750.000), Max=(X=92.908 Y=790.694 Z=850.000) RuntimeGrid:None EditorOnly:0 RuntimeOnly:0 HLODRelevant:0
 |   |   |- [+] [ 31]
 |   |   |   |- Guid:FF698C67459ADB4982D7759C0905EE9F BaseClass: NativeClass:/Script/Engine.StaticMeshActor Name:StaticMeshActor_6 Label:SM_Cube3 SpatiallyLoaded:1 Bounds:IsValid=true, Min=(X=0.000 Y=3400.000 Z=0.000), Max=(X=3000.000 Y=3500.000 Z=400.000) RuntimeGrid:None EditorOnly:0 RuntimeOnly:0 HLODRelevant:1 FolderPath:Playground FolderGuid:C73F09FC4215536B1DCE2A9E0A830C70
 |   |   |- [+] [ 32]
 |   |   |   |- Guid:3C502E0F430E8A2D0F27CB99977D274C BaseClass:/Game/Blueprints/BP_Target.BP_Target_C NativeClass:/Script/Engine.Actor Name:BP_Target_C_UAID_3C22FBC38D1AE39B01_1164654796 Label:BP_Target_04 SpatiallyLoaded:1 Bounds:IsValid=true, Min=(X=2840.000 Y=1950.000 Z=1050.000), Max=(X=2940.000 Y=2050.000 Z=1150.000) RuntimeGrid:None EditorOnly:0 RuntimeOnly:0 HLODRelevant:0
 |- ContainerInstances:
 |- [+] MainContainer:
 |   |-        ID: 0x0000000000000000
 |   |-    Bounds: IsValid=false, Min=(X=0.000 Y=0.000 Z=0.000), Max=(X=0.000 Y=0.000 Z=0.000)
 |   |- Transform: 0.000000,0.000000,0.000000|0.000000,0.000000,-0.000000|1.000000,1.000000,1.000000
 |   |- Container: /Game/ThirdPerson/Maps/ThirdPersonMap
----------------------------------------------------------------------------------------------------------------
ThirdPersonMap - Persistent Level
----------------------------------------------------------------------------------------------------------------
Always loaded Actor Count: 50 

----------------------------------------------------------------------------------------------------------------
ThirdPersonMap - Runtime Spatial Hash - Streaming Grid - MainGrid
----------------------------------------------------------------------------------------------------------------
            Origin: X=0.000 Y=0.000 Z=0.000
         Cell Size: 12800
      World Bounds: IsValid=false, Min=(X=0.000 Y=0.000 Z=0.000), Max=(X=0.000 Y=0.000 Z=0.000)
     Loading Range: 25600.00
Block Slow Loading: No
 ClientOnlyVisible: No

[+] Grid Levels: 1
 |- Level  0: Cell Count    0 | Cell Size   12800 | Actor Count    0 (0.0%)

[+] Content of Grid Level 0

